<?xml version="1.0" encoding="UTF-8"?>
<testsuite xmlns:xsi="http://www.w3.org/2001/XMLSchema-instance" xsi:noNamespaceSchemaLocation="https://maven.apache.org/surefire/maven-surefire-plugin/xsd/surefire-test-report-3.0.xsd" version="3.0" name="com.example.marketplace.MarketplaceApplicationTests" time="4.376" tests="1" errors="0" skipped="0" failures="0">
  <properties>
[...]
</properties>
  <testcase name="contextLoads" classname="com.example.marketplace.MarketplaceApplicationTests" time="1.345">
    <system-out><![CDATA[17:44:31.474 [main] INFO org.springframework.test.context.support.AnnotationConfigContextLoaderUtils -- Could not detect default configuration classes for test class [com.example.marketplace.MarketplaceApplicationTests]: MarketplaceApplicationTests does not declare any static, non-private, non-final, nested classes annotated with @Configuration.
17:44:31.716 [main] INFO org.springframework.boot.test.context.SpringBootTestContextBootstrapper -- Found @SpringBootConfiguration com.example.marketplace.MarketplaceApplication for test class com.example.marketplace.MarketplaceApplicationTests

  .   ____          _            __ _ _
 /\\ / ___'_ __ _ _(_)_ __  __ _ \ \ \ \
( ( )\___ | '_ | '_| | '_ \/ _` | \ \ \ \
 \\/  ___)| |_)| | | | | || (_| |  ) ) ) )
  '  |____| .__|_| |_|_| |_\__, | / / / /
 =========|_|==============|___/=/_/_/_/
 :: Spring Boot ::                (v3.1.1)

2023-07-08T17:44:32.353+03:00  INFO 5759 --- [           main] c.e.m.MarketplaceApplicationTests        : Starting MarketplaceApplicationTests using Java 17.0.7 with PID 5759 (started by oleh in /home/oleh/IdeaProjects/marketplace)
2023-07-08T17:44:32.356+03:00  INFO 5759 --- [           main] c.e.m.MarketplaceApplicationTests        : No active profile set, falling back to 1 default profile: "default"
2023-07-08T17:44:34.242+03:00  INFO 5759 --- [           main] c.e.m.MarketplaceApplicationTests        : Started MarketplaceApplicationTests in 2.247 seconds (process running for 3.958)
]]></system-out>
  </testcase>
</testsuite>