<?xml version="1.0" encoding="UTF-8"?>
<testsuite xmlns:xsi="http://www.w3.org/2001/XMLSchema-instance" xsi:noNamespaceSchemaLocation="https://maven.apache.org/surefire/maven-surefire-plugin/xsd/surefire-test-report-3.0.xsd" version="3.0" name="com.example.marketplace.MarketplaceApplicationTests" time="8.143" tests="1" errors="0" skipped="0" failures="0">
  <properties>
[...]
</properties>
  <testcase name="contextLoads" classname="com.example.marketplace.MarketplaceApplicationTests" time="1.02">
    <system-out><![CDATA[19:30:55.214 [main] INFO org.springframework.test.context.support.AnnotationConfigContextLoaderUtils -- Could not detect default configuration classes for test class [com.example.marketplace.MarketplaceApplicationTests]: MarketplaceApplicationTests does not declare any static, non-private, non-final, nested classes annotated with @Configuration.
19:30:55.410 [main] INFO org.springframework.boot.test.context.SpringBootTestContextBootstrapper -- Found @SpringBootConfiguration com.example.marketplace.MarketplaceApplication for test class com.example.marketplace.MarketplaceApplicationTests

  .   ____          _            __ _ _
 /\\ / ___'_ __ _ _(_)_ __  __ _ \ \ \ \
( ( )\___ | '_ | '_| | '_ \/ _` | \ \ \ \
 \\/  ___)| |_)| | | | | || (_| |  ) ) ) )
  '  |____| .__|_| |_|_| |_\__, | / / / /
 =========|_|==============|___/=/_/_/_/
 :: Spring Boot ::                (v3.1.1)

2023-07-08T19:30:56.175+03:00  INFO 12727 --- [           main] c.e.m.MarketplaceApplicationTests        : Starting MarketplaceApplicationTests using Java 17.0.7 with PID 12727 (started by oleh in /home/oleh/IdeaProjects/marketplace)
2023-07-08T19:30:56.177+03:00  INFO 12727 --- [           main] c.e.m.MarketplaceApplicationTests        : No active profile set, falling back to 1 default profile: "default"
2023-07-08T19:30:57.291+03:00  INFO 12727 --- [           main] .s.d.r.c.RepositoryConfigurationDelegate : Bootstrapping Spring Data JPA repositories in DEFAULT mode.
2023-07-08T19:30:57.374+03:00  INFO 12727 --- [           main] .s.d.r.c.RepositoryConfigurationDelegate : Finished Spring Data repository scanning in 72 ms. Found 1 JPA repository interfaces.
2023-07-08T19:30:58.110+03:00  INFO 12727 --- [           main] o.f.c.internal.license.VersionPrinter    : Flyway Community Edition 9.16.3 by Redgate
2023-07-08T19:30:58.111+03:00  INFO 12727 --- [           main] o.f.c.internal.license.VersionPrinter    : See release notes here: https://rd.gt/416ObMi
2023-07-08T19:30:58.111+03:00  INFO 12727 --- [           main] o.f.c.internal.license.VersionPrinter    : 
2023-07-08T19:30:58.125+03:00  INFO 12727 --- [           main] com.zaxxer.hikari.HikariDataSource       : HikariPool-1 - Starting...
2023-07-08T19:30:58.696+03:00  INFO 12727 --- [           main] com.zaxxer.hikari.pool.HikariPool        : HikariPool-1 - Added connection org.postgresql.jdbc.PgConnection@1578b8ec
2023-07-08T19:30:58.699+03:00  INFO 12727 --- [           main] com.zaxxer.hikari.HikariDataSource       : HikariPool-1 - Start completed.
2023-07-08T19:30:58.723+03:00  INFO 12727 --- [           main] o.f.c.i.database.base.BaseDatabaseType   : Database: jdbc:postgresql:marketplace (PostgreSQL 14.8)
2023-07-08T19:30:58.782+03:00  INFO 12727 --- [           main] o.f.core.internal.command.DbValidate     : Successfully validated 1 migration (execution time 00:00.031s)
2023-07-08T19:30:58.879+03:00  INFO 12727 --- [           main] o.f.core.internal.command.DbMigrate      : Current version of schema "public": 1.0
2023-07-08T19:30:58.880+03:00  INFO 12727 --- [           main] o.f.core.internal.command.DbMigrate      : Schema "public" is up to date. No migration necessary.
2023-07-08T19:30:59.109+03:00  INFO 12727 --- [           main] o.hibernate.jpa.internal.util.LogHelper  : HHH000204: Processing PersistenceUnitInfo [name: default]
2023-07-08T19:30:59.190+03:00  INFO 12727 --- [           main] org.hibernate.Version                    : HHH000412: Hibernate ORM core version 6.2.5.Final
2023-07-08T19:30:59.198+03:00  INFO 12727 --- [           main] org.hibernate.cfg.Environment            : HHH000406: Using bytecode reflection optimizer
2023-07-08T19:30:59.475+03:00  INFO 12727 --- [           main] o.h.b.i.BytecodeProviderInitiator        : HHH000021: Bytecode provider name : bytebuddy
2023-07-08T19:30:59.659+03:00  INFO 12727 --- [           main] o.s.o.j.p.SpringPersistenceUnitInfo      : No LoadTimeWeaver setup: ignoring JPA class transformer
2023-07-08T19:31:00.020+03:00  INFO 12727 --- [           main] o.h.b.i.BytecodeProviderInitiator        : HHH000021: Bytecode provider name : bytebuddy
2023-07-08T19:31:00.866+03:00  INFO 12727 --- [           main] o.h.e.t.j.p.i.JtaPlatformInitiator       : HHH000490: Using JtaPlatform implementation: [org.hibernate.engine.transaction.jta.platform.internal.NoJtaPlatform]
2023-07-08T19:31:00.871+03:00  INFO 12727 --- [           main] j.LocalContainerEntityManagerFactoryBean : Initialized JPA EntityManagerFactory for persistence unit 'default'
2023-07-08T19:31:02.078+03:00  INFO 12727 --- [           main] c.e.m.MarketplaceApplicationTests        : Started MarketplaceApplicationTests in 6.451 seconds (process running for 7.904)
]]></system-out>
  </testcase>
</testsuite>