<?xml version="1.0" encoding="UTF-8"?>
<testsuite xmlns:xsi="http://www.w3.org/2001/XMLSchema-instance" xsi:noNamespaceSchemaLocation="https://maven.apache.org/surefire/maven-surefire-plugin/xsd/surefire-test-report-3.0.xsd" version="3.0" name="com.onrender.navkolodozvillya.location.GeoIpRepositoryImplTest" time="16.239" tests="2" errors="0" skipped="0" failures="0">
  <properties>
[...]
</properties>
  <testcase name="canGetLocationByIpWhenExists" classname="com.onrender.navkolodozvillya.location.GeoIpRepositoryImplTest" time="1.022">
    <system-out><![CDATA[06:50:54.005 [main] INFO org.springframework.boot.test.context.SpringBootTestContextBootstrapper -- Found @SpringBootConfiguration com.onrender.navkolodozvillya.MarketplaceApplication for test class com.onrender.navkolodozvillya.location.GeoIpRepositoryImplTest

  .   ____          _            __ _ _
 /\\ / ___'_ __ _ _(_)_ __  __ _ \ \ \ \
( ( )\___ | '_ | '_| | '_ \/ _` | \ \ \ \
 \\/  ___)| |_)| | | | | || (_| |  ) ) ) )
  '  |____| .__|_| |_|_| |_\__, | / / / /
 =========|_|==============|___/=/_/_/_/
 :: Spring Boot ::                (v3.1.1)

2023-07-28T06:50:54.681+03:00  INFO 11656 --- [           main] c.o.n.location.GeoIpRepositoryImplTest   : Starting GeoIpRepositoryImplTest using Java 17.0.8 with PID 11656 (started by oleh in /home/oleh/IdeaProjects/marketplace)
2023-07-28T06:50:54.692+03:00  INFO 11656 --- [           main] c.o.n.location.GeoIpRepositoryImplTest   : No active profile set, falling back to 1 default profile: "default"
2023-07-28T06:50:56.117+03:00  INFO 11656 --- [           main] .s.d.r.c.RepositoryConfigurationDelegate : Bootstrapping Spring Data JPA repositories in DEFAULT mode.
2023-07-28T06:50:56.253+03:00  INFO 11656 --- [           main] .s.d.r.c.RepositoryConfigurationDelegate : Finished Spring Data repository scanning in 124 ms. Found 5 JPA repository interfaces.
2023-07-28T06:50:56.950+03:00  INFO 11656 --- [           main] o.t.utility.ImageNameSubstitutor         : Image name substitution will be performed by: DefaultImageNameSubstitutor (composite of 'ConfigurationFileImageNameSubstitutor' and 'PrefixingImageNameSubstitutor')
2023-07-28T06:50:57.168+03:00  INFO 11656 --- [           main] o.t.d.DockerClientProviderStrategy       : Loaded org.testcontainers.dockerclient.UnixSocketClientProviderStrategy from ~/.testcontainers.properties, will try it first
2023-07-28T06:50:57.669+03:00  INFO 11656 --- [           main] o.t.d.DockerClientProviderStrategy       : Found Docker environment with local Unix socket (unix:///var/run/docker.sock)
2023-07-28T06:50:57.671+03:00  INFO 11656 --- [           main] org.testcontainers.DockerClientFactory   : Docker host IP address is localhost
2023-07-28T06:50:57.713+03:00  INFO 11656 --- [           main] org.testcontainers.DockerClientFactory   : Connected to docker: 
  Server Version: 20.10.24
  API Version: 1.41
  Operating System: Ubuntu Core 22
  Total Memory: 11453 MB
2023-07-28T06:50:57.725+03:00  INFO 11656 --- [           main] org.testcontainers.DockerClientFactory   : Checking the system...
2023-07-28T06:50:57.726+03:00  INFO 11656 --- [           main] org.testcontainers.DockerClientFactory   : ✔︎ Docker server version should be at least 1.6.0
2023-07-28T06:50:57.748+03:00  INFO 11656 --- [           main] tc.postgres:14.8                         : Creating container for image: postgres:14.8
2023-07-28T06:50:57.755+03:00  INFO 11656 --- [           main] o.t.utility.RegistryAuthLocator          : Failure when attempting to lookup auth config. Please ignore if you don't have images in an authenticated registry. Details: (dockerImageName: postgres:14.8, configFile: /home/oleh/.docker/config.json, configEnv: DOCKER_AUTH_CONFIG). Falling back to docker-java default behaviour. Exception message: Status 404: No config supplied. Checked in order: /home/oleh/.docker/config.json (file not found), DOCKER_AUTH_CONFIG (not set)
2023-07-28T06:50:57.765+03:00  INFO 11656 --- [           main] tc.testcontainers/ryuk:0.5.1             : Creating container for image: testcontainers/ryuk:0.5.1
2023-07-28T06:50:57.947+03:00  INFO 11656 --- [           main] tc.testcontainers/ryuk:0.5.1             : Container testcontainers/ryuk:0.5.1 is starting: d7934409acf5fcbf7bc3b96cdddc1ae24365220b3e1edf361dd684b0f36d98a0
2023-07-28T06:50:58.602+03:00  INFO 11656 --- [           main] tc.testcontainers/ryuk:0.5.1             : Container testcontainers/ryuk:0.5.1 started in PT0.837466584S
2023-07-28T06:50:58.651+03:00  INFO 11656 --- [           main] tc.postgres:14.8                         : Container postgres:14.8 is starting: 29d836bb2db0e7ce6faf15aeb0bcc49d5d490879c1e0f07e49e2c33dc7a29b76
2023-07-28T06:51:00.719+03:00  INFO 11656 --- [           main] tc.postgres:14.8                         : Container postgres:14.8 started in PT2.992416391S
2023-07-28T06:51:00.721+03:00  INFO 11656 --- [           main] tc.postgres:14.8                         : Container is started (JDBC URL: jdbc:postgresql://localhost:32780/test?loggerLevel=OFF)
2023-07-28T06:51:01.474+03:00  INFO 11656 --- [           main] liquibase.database                       : Set default schema name to public
2023-07-28T06:51:01.664+03:00  INFO 11656 --- [           main] liquibase.executor                       : Changelog query completed.
2023-07-28T06:51:01.670+03:00  INFO 11656 --- [           main] liquibase.executor                       : Changelog query completed.
2023-07-28T06:51:01.677+03:00  INFO 11656 --- [           main] liquibase.executor                       : Changelog query completed.
2023-07-28T06:51:01.686+03:00  INFO 11656 --- [           main] liquibase.executor                       : Changelog query completed.
2023-07-28T06:51:01.693+03:00  INFO 11656 --- [           main] liquibase.executor                       : Changelog query completed.
2023-07-28T06:51:01.694+03:00  INFO 11656 --- [           main] liquibase.lockservice                    : Successfully acquired change log lock
2023-07-28T06:51:01.747+03:00  INFO 11656 --- [           main] liquibase.command                        : Dropping Database Objects in schema: test.public
2023-07-28T06:51:01.769+03:00  INFO 11656 --- [           main] liquibase.changelog                      : Creating database history table with name: public.databasechangelog
2023-07-28T06:51:01.778+03:00  INFO 11656 --- [           main] liquibase.executor                       : Changelog query completed.
2023-07-28T06:51:01.781+03:00  INFO 11656 --- [           main] liquibase.executor                       : Changelog query completed.
2023-07-28T06:51:02.079+03:00  INFO 11656 --- [           main] liquibase.executor                       : Changelog query completed.
2023-07-28T06:51:02.137+03:00  INFO 11656 --- [           main] liquibase.executor                       : Changelog query completed.
2023-07-28T06:51:02.137+03:00  INFO 11656 --- [           main] liquibase.database                       : Successfully deleted all supported object types in schema test.public.
2023-07-28T06:51:02.142+03:00  INFO 11656 --- [           main] liquibase.lockservice                    : Successfully released change log lock
All objects dropped from test@jdbc:postgresql://localhost:32780/test?loggerLevel=OFF
2023-07-28T06:51:02.553+03:00  INFO 11656 --- [           main] liquibase.executor                       : Changelog query completed.
2023-07-28T06:51:02.555+03:00  INFO 11656 --- [           main] liquibase.executor                       : Changelog query completed.
2023-07-28T06:51:02.558+03:00  INFO 11656 --- [           main] liquibase.executor                       : Changelog query completed.
2023-07-28T06:51:02.560+03:00  INFO 11656 --- [           main] liquibase.executor                       : Changelog query completed.
2023-07-28T06:51:02.562+03:00  INFO 11656 --- [           main] liquibase.executor                       : Changelog query completed.
2023-07-28T06:51:02.563+03:00  INFO 11656 --- [           main] liquibase.lockservice                    : Successfully acquired change log lock
2023-07-28T06:51:02.568+03:00  INFO 11656 --- [           main] liquibase.changelog                      : Creating database history table with name: public.databasechangelog
2023-07-28T06:51:02.574+03:00  INFO 11656 --- [           main] liquibase.executor                       : Changelog query completed.
2023-07-28T06:51:02.576+03:00  INFO 11656 --- [           main] liquibase.changelog                      : Reading from public.databasechangelog
2023-07-28T06:51:02.580+03:00  INFO 11656 --- [           main] liquibase.executor                       : Changelog query completed.
2023-07-28T06:51:02.584+03:00  INFO 11656 --- [           main] liquibase.executor                       : Changelog query completed.
Running Changeset: db/changelog/sql/V01_create-geoip-tables.sql::1689478830697-1::obaibula
2023-07-28T06:51:02.627+03:00  INFO 11656 --- [           main] liquibase.changelog                      : Custom SQL executed
2023-07-28T06:51:02.629+03:00  INFO 11656 --- [           main] liquibase.changelog                      : ChangeSet db/changelog/sql/V01_create-geoip-tables.sql::1689478830697-1::obaibula ran successfully in 17ms
2023-07-28T06:51:02.633+03:00  INFO 11656 --- [           main] liquibase.executor                       : Changelog query completed.
2023-07-28T06:51:02.636+03:00  INFO 11656 --- [           main] liquibase.executor                       : Changelog query completed.
Running Changeset: db/changelog/sql/V01_create-geoip-tables.sql::1689478830697-3::obaibula
2023-07-28T06:51:02.648+03:00  INFO 11656 --- [           main] liquibase.changelog                      : Custom SQL executed
2023-07-28T06:51:02.649+03:00  INFO 11656 --- [           main] liquibase.changelog                      : ChangeSet db/changelog/sql/V01_create-geoip-tables.sql::1689478830697-3::obaibula ran successfully in 12ms
2023-07-28T06:51:02.652+03:00  INFO 11656 --- [           main] liquibase.executor                       : Changelog query completed.
Running Changeset: db/changelog/sql/V01_create-geoip-tables.sql::4::obaibula
2023-07-28T06:51:02.665+03:00  INFO 11656 --- [           main] liquibase.changelog                      : Custom SQL executed
2023-07-28T06:51:02.667+03:00  INFO 11656 --- [           main] liquibase.changelog                      : ChangeSet db/changelog/sql/V01_create-geoip-tables.sql::4::obaibula ran successfully in 12ms
2023-07-28T06:51:02.669+03:00  INFO 11656 --- [           main] liquibase.executor                       : Changelog query completed.
Running Changeset: db/changelog/sql/V01_create-geoip-tables.sql::5::obaibula
2023-07-28T06:51:02.681+03:00  INFO 11656 --- [           main] liquibase.changelog                      : Custom SQL executed
2023-07-28T06:51:02.683+03:00  INFO 11656 --- [           main] liquibase.changelog                      : ChangeSet db/changelog/sql/V01_create-geoip-tables.sql::5::obaibula ran successfully in 11ms
2023-07-28T06:51:02.687+03:00  INFO 11656 --- [           main] liquibase.executor                       : Changelog query completed.
Running Changeset: db/changelog/sql/V02_create-geoip-index.sql::1689478830697-2::obaibula
2023-07-28T06:51:02.693+03:00  INFO 11656 --- [           main] liquibase.changelog                      : Custom SQL executed
2023-07-28T06:51:02.694+03:00  INFO 11656 --- [           main] liquibase.changelog                      : ChangeSet db/changelog/sql/V02_create-geoip-index.sql::1689478830697-2::obaibula ran successfully in 4ms
2023-07-28T06:51:02.697+03:00  INFO 11656 --- [           main] liquibase.executor                       : Changelog query completed.
Running Changeset: db/changelog/sql/V03_create-users-table-for-security.sql::6::obaibula
2023-07-28T06:51:02.705+03:00  INFO 11656 --- [           main] liquibase.changelog                      : Custom SQL executed
2023-07-28T06:51:02.707+03:00  INFO 11656 --- [           main] liquibase.changelog                      : ChangeSet db/changelog/sql/V03_create-users-table-for-security.sql::6::obaibula ran successfully in 8ms
2023-07-28T06:51:02.710+03:00  INFO 11656 --- [           main] liquibase.executor                       : Changelog query completed.
Running Changeset: db/changelog/sql/V03_create-users-table-for-security.sql::7::obaibula
2023-07-28T06:51:02.715+03:00  INFO 11656 --- [           main] liquibase.changelog                      : Custom SQL executed
2023-07-28T06:51:02.717+03:00  INFO 11656 --- [           main] liquibase.changelog                      : ChangeSet db/changelog/sql/V03_create-users-table-for-security.sql::7::obaibula ran successfully in 5ms
2023-07-28T06:51:02.719+03:00  INFO 11656 --- [           main] liquibase.executor                       : Changelog query completed.
Running Changeset: db/changelog/sql/V04_create-tokens-table.sql::8::obaibula
2023-07-28T06:51:02.727+03:00  INFO 11656 --- [           main] liquibase.changelog                      : Custom SQL executed
2023-07-28T06:51:02.729+03:00  INFO 11656 --- [           main] liquibase.changelog                      : ChangeSet db/changelog/sql/V04_create-tokens-table.sql::8::obaibula ran successfully in 8ms
2023-07-28T06:51:02.731+03:00  INFO 11656 --- [           main] liquibase.executor                       : Changelog query completed.
Running Changeset: db/changelog/sql/V05_create-carts-table.sql::9::obaibula
2023-07-28T06:51:02.737+03:00  INFO 11656 --- [           main] liquibase.changelog                      : Custom SQL executed
2023-07-28T06:51:02.739+03:00  INFO 11656 --- [           main] liquibase.changelog                      : ChangeSet db/changelog/sql/V05_create-carts-table.sql::9::obaibula ran successfully in 6ms
2023-07-28T06:51:02.743+03:00  INFO 11656 --- [           main] liquibase.executor                       : Changelog query completed.
Running Changeset: db/changelog/sql/V06_create-offerings-table.sql::10::obaibula
2023-07-28T06:51:02.756+03:00  INFO 11656 --- [           main] liquibase.changelog                      : Custom SQL executed
2023-07-28T06:51:02.757+03:00  INFO 11656 --- [           main] liquibase.changelog                      : ChangeSet db/changelog/sql/V06_create-offerings-table.sql::10::obaibula ran successfully in 11ms
2023-07-28T06:51:02.760+03:00  INFO 11656 --- [           main] liquibase.executor                       : Changelog query completed.
Running Changeset: db/changelog/sql/V07_create-favorite_offerings-table.sql::11::obaibula
2023-07-28T06:51:02.769+03:00  INFO 11656 --- [           main] liquibase.changelog                      : Custom SQL executed
2023-07-28T06:51:02.770+03:00  INFO 11656 --- [           main] liquibase.changelog                      : ChangeSet db/changelog/sql/V07_create-favorite_offerings-table.sql::11::obaibula ran successfully in 8ms
2023-07-28T06:51:02.772+03:00  INFO 11656 --- [           main] liquibase.executor                       : Changelog query completed.
2023-07-28T06:51:02.773+03:00  INFO 11656 --- [           main] liquibase                                : Update command completed successfully.
2023-07-28T06:51:02.777+03:00  INFO 11656 --- [           main] liquibase.executor                       : Changelog query completed.
2023-07-28T06:51:02.778+03:00  INFO 11656 --- [           main] liquibase.lockservice                    : Successfully released change log lock
2023-07-28T06:51:02.917+03:00  INFO 11656 --- [           main] com.zaxxer.hikari.HikariDataSource       : HikariPool-1 - Starting...
2023-07-28T06:51:02.999+03:00  INFO 11656 --- [           main] com.zaxxer.hikari.pool.HikariPool        : HikariPool-1 - Added connection org.postgresql.jdbc.PgConnection@7995a589
2023-07-28T06:51:03.003+03:00  INFO 11656 --- [           main] com.zaxxer.hikari.HikariDataSource       : HikariPool-1 - Start completed.
2023-07-28T06:51:03.106+03:00  INFO 11656 --- [           main] o.hibernate.jpa.internal.util.LogHelper  : HHH000204: Processing PersistenceUnitInfo [name: default]
2023-07-28T06:51:03.190+03:00  INFO 11656 --- [           main] org.hibernate.Version                    : HHH000412: Hibernate ORM core version 6.2.5.Final
2023-07-28T06:51:03.203+03:00  INFO 11656 --- [           main] org.hibernate.cfg.Environment            : HHH000406: Using bytecode reflection optimizer
2023-07-28T06:51:03.479+03:00  INFO 11656 --- [           main] o.h.b.i.BytecodeProviderInitiator        : HHH000021: Bytecode provider name : bytebuddy
2023-07-28T06:51:03.501+03:00  INFO 11656 --- [           main] o.s.o.j.p.SpringPersistenceUnitInfo      : No LoadTimeWeaver setup: ignoring JPA class transformer
2023-07-28T06:51:03.979+03:00  INFO 11656 --- [           main] o.h.b.i.BytecodeProviderInitiator        : HHH000021: Bytecode provider name : bytebuddy
2023-07-28T06:51:04.918+03:00  INFO 11656 --- [           main] o.h.e.t.j.p.i.JtaPlatformInitiator       : HHH000490: Using JtaPlatform implementation: [org.hibernate.engine.transaction.jta.platform.internal.NoJtaPlatform]
2023-07-28T06:51:04.922+03:00  INFO 11656 --- [           main] j.LocalContainerEntityManagerFactoryBean : Initialized JPA EntityManagerFactory for persistence unit 'default'
2023-07-28T06:51:05.635+03:00  INFO 11656 --- [           main] o.s.d.j.r.query.QueryEnhancerFactory     : Hibernate is in classpath; If applicable, HQL parser will be used.
2023-07-28T06:51:07.218+03:00  INFO 11656 --- [           main] o.s.s.web.DefaultSecurityFilterChain     : Will secure any request with [org.springframework.security.web.session.DisableEncodeUrlFilter@306ea73f, org.springframework.security.web.context.request.async.WebAsyncManagerIntegrationFilter@29ff01df, org.springframework.security.web.context.SecurityContextHolderFilter@23bc69a1, org.springframework.security.web.header.HeaderWriterFilter@3074d565, org.springframework.security.web.authentication.logout.LogoutFilter@f9769ae, com.onrender.navkolodozvillya.config.JwtAuthenticationFilter@6a8e4df1, org.springframework.security.web.savedrequest.RequestCacheAwareFilter@28736857, org.springframework.security.web.servletapi.SecurityContextHolderAwareRequestFilter@17c373d3, org.springframework.security.web.authentication.AnonymousAuthenticationFilter@dfa6f48, org.springframework.security.web.session.SessionManagementFilter@16be6b36, org.springframework.security.web.access.ExceptionTranslationFilter@5381acc6, org.springframework.security.web.access.intercept.AuthorizationFilter@6d0e90d5]
2023-07-28T06:51:07.739+03:00  INFO 11656 --- [           main] c.o.n.location.GeoIpRepositoryImplTest   : Started GeoIpRepositoryImplTest in 13.518 seconds (process running for 17.778)
2023-07-28T06:51:07.789+03:00 DEBUG 11656 --- [           main] n.t.d.l.l.SLF4JQueryLoggingListener      : 
Name:dataSource, Connection:3, Time:1, Success:True
Type:Statement, Batch:False, QuerySize:1, BatchSize:0
Query:["select version()"]
Params:[]
2023-07-28T06:51:07.790+03:00 DEBUG 11656 --- [           main] n.t.d.l.l.SLF4JQueryLoggingListener      : 
Name:dataSource, Connection:3, Time:0, Success:True
Type:Statement, Batch:False, QuerySize:1, BatchSize:0
Query:["select version()"]
Params:[]
2023-07-28T06:51:07.794+03:00 DEBUG 11656 --- [           main] n.t.d.l.l.SLF4JQueryLoggingListener      : 
Name:dataSource, Connection:3, Time:2, Success:True
Type:Statement, Batch:False, QuerySize:1, BatchSize:0
Query:["select setting from pg_settings where name = 'edb_redwood_date'"]
Params:[]
2023-07-28T06:51:07.830+03:00 DEBUG 11656 --- [           main] n.t.d.l.l.SLF4JQueryLoggingListener      : 
Name:dataSource, Connection:3, Time:1, Success:True
Type:Callable, Batch:False, QuerySize:1, BatchSize:0
Query:["select current_schema()"]
Params:[()]
2023-07-28T06:51:07.831+03:00  INFO 11656 --- [           main] liquibase.database                       : Set default schema name to public
2023-07-28T06:51:07.838+03:00 DEBUG 11656 --- [           main] n.t.d.l.l.SLF4JQueryLoggingListener      : 
Name:dataSource, Connection:3, Time:1, Success:True
Type:Statement, Batch:False, QuerySize:1, BatchSize:0
Query:["SHOW SEARCH_PATH"]
Params:[]
2023-07-28T06:51:07.839+03:00 DEBUG 11656 --- [           main] n.t.d.l.l.SLF4JQueryLoggingListener      : 
Name:dataSource, Connection:3, Time:1, Success:True
Type:Statement, Batch:False, QuerySize:1, BatchSize:0
Query:["SET SEARCH_PATH TO public, "$user","public""]
Params:[]
2023-07-28T06:51:07.841+03:00 DEBUG 11656 --- [           main] n.t.d.l.l.SLF4JQueryLoggingListener      : 
Name:dataSource, Connection:3, Time:1, Success:True
Type:Statement, Batch:False, QuerySize:1, BatchSize:0
Query:["SELECT COUNT(*) FROM public.databasechangeloglock"]
Params:[]
2023-07-28T06:51:07.844+03:00 DEBUG 11656 --- [           main] n.t.d.l.l.SLF4JQueryLoggingListener      : 
Name:dataSource, Connection:3, Time:0, Success:True
Type:Statement, Batch:False, QuerySize:1, BatchSize:0
Query:["SELECT COUNT(*) FROM public.databasechangeloglock"]
Params:[]
2023-07-28T06:51:07.845+03:00  INFO 11656 --- [           main] liquibase.executor                       : Changelog query completed.
2023-07-28T06:51:07.847+03:00 DEBUG 11656 --- [           main] n.t.d.l.l.SLF4JQueryLoggingListener      : 
Name:dataSource, Connection:3, Time:1, Success:True
Type:Statement, Batch:False, QuerySize:1, BatchSize:0
Query:["SELECT LOCKED FROM public.databasechangeloglock WHERE ID=1"]
Params:[]
2023-07-28T06:51:07.848+03:00  INFO 11656 --- [           main] liquibase.executor                       : Changelog query completed.
2023-07-28T06:51:07.853+03:00 DEBUG 11656 --- [           main] n.t.d.l.l.SLF4JQueryLoggingListener      : 
Name:dataSource, Connection:3, Time:1, Success:True
Type:Statement, Batch:False, QuerySize:1, BatchSize:0
Query:["UPDATE public.databasechangeloglock SET LOCKED = TRUE, LOCKEDBY = 'oleh-HP-Compaq-6005-Pro-SFF-PC (172.17.0.1)', LOCKGRANTED = NOW() WHERE ID = 1 AND LOCKED = FALSE"]
Params:[]
2023-07-28T06:51:07.853+03:00  INFO 11656 --- [           main] liquibase.executor                       : Changelog query completed.
2023-07-28T06:51:07.854+03:00  INFO 11656 --- [           main] liquibase.lockservice                    : Successfully acquired change log lock
2023-07-28T06:51:07.858+03:00 DEBUG 11656 --- [           main] n.t.d.l.l.SLF4JQueryLoggingListener      : 
Name:dataSource, Connection:3, Time:1, Success:True
Type:Statement, Batch:False, QuerySize:1, BatchSize:0
Query:["SHOW SEARCH_PATH"]
Params:[]
2023-07-28T06:51:07.860+03:00  INFO 11656 --- [           main] liquibase.command                        : Dropping Database Objects in schema: test.public
2023-07-28T06:51:07.891+03:00 DEBUG 11656 --- [           main] n.t.d.l.l.SLF4JQueryLoggingListener      : 
Name:dataSource, Connection:3, Time:1, Success:True
Type:Statement, Batch:False, QuerySize:1, BatchSize:0
Query:["SELECT MD5SUM FROM public.databasechangelog WHERE MD5SUM IS NOT NULL LIMIT 1"]
Params:[]
2023-07-28T06:51:07.892+03:00  INFO 11656 --- [           main] liquibase.executor                       : Changelog query completed.
2023-07-28T06:51:07.896+03:00 DEBUG 11656 --- [           main] n.t.d.l.l.SLF4JQueryLoggingListener      : 
Name:dataSource, Connection:3, Time:2, Success:True
Type:Statement, Batch:False, QuerySize:1, BatchSize:0
Query:["SELECT COUNT(*) FROM public.databasechangeloglock"]
Params:[]
2023-07-28T06:51:07.899+03:00 DEBUG 11656 --- [           main] n.t.d.l.l.SLF4JQueryLoggingListener      : 
Name:dataSource, Connection:3, Time:1, Success:True
Type:Statement, Batch:False, QuerySize:1, BatchSize:0
Query:["SELECT COUNT(*) FROM public.databasechangeloglock"]
Params:[]
2023-07-28T06:51:07.899+03:00  INFO 11656 --- [           main] liquibase.executor                       : Changelog query completed.
2023-07-28T06:51:07.922+03:00 DEBUG 11656 --- [           main] n.t.d.l.l.SLF4JQueryLoggingListener      : 
Name:dataSource, Connection:3, Time:7, Success:True
Type:Statement, Batch:False, QuerySize:1, BatchSize:0
Query:["SELECT c.relname AS "SEQUENCE_NAME",   s.seqmin AS "MIN_VALUE", s.seqmax AS "MAX_VALUE", s.seqincrement AS "INCREMENT_BY",   s.seqcycle AS "WILL_CYCLE", s.seqstart AS "START_VALUE", s.seqcache AS "CACHE_SIZE",   pg_catalog.format_type(s.seqtypid, NULL) AS "SEQ_TYPE" FROM pg_class c JOIN pg_sequence s on c.oid = s.seqrelid JOIN pg_namespace ns on c.relnamespace = ns.oid LEFT JOIN pg_depend d ON c.oid = d.objid WHERE c.relkind = 'S' AND ns.nspname = 'public' AND (c.oid not in (select ds.objid FROM pg_depend ds where ds.refobjsubid > 0)OR  (   d.deptype = 'a' AND EXISTS (       select 1 from pg_attribute a         JOIN pg_class t ON t.oid = d.refobjid AND a.attrelid=t.oid AND a.attnum=d.refobjsubid         LEFT JOIN pg_catalog.pg_attrdef ad ON ad.adrelid = a.attrelid AND ad.adnum = a.attnum        WHERE a.atthasdef = false or not (pg_get_expr(ad.adbin, ad.adrelid) ilike '%' || c.relname || '%'))   ))"]
Params:[]
2023-07-28T06:51:07.949+03:00 DEBUG 11656 --- [           main] n.t.d.l.l.SLF4JQueryLoggingListener      : 
Name:dataSource, Connection:3, Time:5, Success:True
Type:Statement, Batch:False, QuerySize:1, BatchSize:0
Query:["SELECT     ns.nspname as SCHEMA_NAME,     td.relname as TABLE_NAME,     pa.attname as COLUMN_NAME,     COALESCE(pg_sequence_last_value(c.oid::regclass) + s.seqincrement,       s.seqstart) AS START_VALUE,     s.seqincrement AS INCREMENT_BY FROM pg_class c     JOIN pg_sequence s on c.oid = s.seqrelid     JOIN pg_namespace ns on c.relnamespace = ns.oid     JOIN pg_depend d ON c.oid = d.objid     JOIN pg_class td ON td.oid = d.refobjid     JOIN pg_attribute pa ON  pa.attrelid=td.oid AND pa.attnum=d.refobjsubid WHERE c.relkind = 'S' AND d.deptype = 'a'"]
Params:[]
2023-07-28T06:51:08.007+03:00 DEBUG 11656 --- [           main] n.t.d.l.l.SLF4JQueryLoggingListener      : 
Name:dataSource, Connection:3, Time:19, Success:True
Type:Statement, Batch:False, QuerySize:1, BatchSize:0
Query:["WITH RECURSIVE preference AS (
    SELECT 10 AS max_depth  -- The deeper the recursion goes, the slower it performs.
         , 16384 AS min_oid -- user objects only
         , '^(londiste|pgq|pg_toast)'::text AS schema_exclusion
         , '^pg_(conversion|language|ts_(dict|template))'::text AS class_exclusion
         , '{"SCHEMA":"00", "TABLE":"01", "CONSTRAINT":"02", "DEFAULT":"03",
      "INDEX":"05", "SEQUENCE":"06", "TRIGGER":"07", "FUNCTION":"08",
      "VIEW":"10", "MVIEW":"11", "FOREIGN":"12"}'::json AS type_ranks),
               dependency_pair AS (
                   WITH relation_object AS ( SELECT oid, oid::regclass::text AS object_name  FROM pg_class )
                   SELECT DISTINCT                          substring(pg_identify_object(classid, objid, 0)::text, E'(\\w+?)\\.') as referenced_schema_name,                          CASE classid
                              WHEN 'pg_constraint'::regclass THEN (SELECT CONTYPE::text FROM pg_constraint WHERE oid = objid)
                              ELSE objid::text
                              END AS CONTYPE,
                         CASE classid
                              WHEN 'pg_attrdef'::regclass THEN (SELECT attname FROM pg_attrdef d JOIN pg_attribute c ON (c.attrelid,c.attnum)=(d.adrelid,d.adnum) WHERE d.oid = objid)
                              WHEN 'pg_cast'::regclass THEN (SELECT concat(castsource::regtype::text, ' AS ', casttarget::regtype::text,' WITH ', castfunc::regprocedure::text) FROM pg_cast WHERE oid = objid)
                              WHEN 'pg_class'::regclass THEN rel.object_name
                              WHEN 'pg_constraint'::regclass THEN (SELECT conname FROM pg_constraint WHERE oid = objid)
                              WHEN 'pg_extension'::regclass THEN (SELECT extname FROM pg_extension WHERE oid = objid)
                              WHEN 'pg_namespace'::regclass THEN (SELECT nspname FROM pg_namespace WHERE oid = objid)
                              WHEN 'pg_opclass'::regclass THEN (SELECT opcname FROM pg_opclass WHERE oid = objid)
                              WHEN 'pg_operator'::regclass THEN (SELECT oprname FROM pg_operator WHERE oid = objid)
                              WHEN 'pg_opfamily'::regclass THEN (SELECT opfname FROM pg_opfamily WHERE oid = objid)
                              WHEN 'pg_proc'::regclass THEN objid::regprocedure::text
                              WHEN 'pg_rewrite'::regclass THEN (SELECT ev_class::regclass::text FROM pg_rewrite WHERE oid = objid)
                              WHEN 'pg_trigger'::regclass THEN (SELECT tgname FROM pg_trigger WHERE oid = objid)
                              WHEN 'pg_type'::regclass THEN objid::regtype::text
                              ELSE objid::text
                              END AS REFERENCED_NAME,
                          substring(pg_identify_object(refclassid, refobjid, 0)::text, E'(\\w+?)\\.') as referencing_schema_name,                           CASE refclassid
                              WHEN 'pg_namespace'::regclass THEN (SELECT nspname FROM pg_namespace WHERE oid = refobjid)
                              WHEN 'pg_class'::regclass THEN rrel.object_name
                              WHEN 'pg_opfamily'::regclass THEN (SELECT opfname FROM pg_opfamily WHERE oid = refobjid)
                              WHEN 'pg_proc'::regclass THEN refobjid::regprocedure::text
                              WHEN 'pg_type'::regclass THEN refobjid::regtype::text
                              ELSE refobjid::text
                              END AS REFERENCING_NAME
                   FROM pg_depend dep
                            LEFT JOIN relation_object rel ON rel.oid = dep.objid
                            LEFT JOIN relation_object rrel ON rrel.oid = dep.refobjid, preference
                   WHERE deptype = ANY('{n,a}')
                     AND objid >= preference.min_oid
                     AND (refobjid >= preference.min_oid OR refobjid = 2200) -- need public schema as root node
                     AND classid::regclass::text !~ preference.class_exclusion
                     AND refclassid::regclass::text !~ preference.class_exclusion
                     AND COALESCE(SUBSTRING(objid::regclass::text, E'^(\\\\w+)\\\\.'),'') !~ preference.schema_exclusion
                     AND COALESCE(SUBSTRING(refobjid::regclass::text, E'^(\\\\w+)\\\\.'),'') !~ preference.schema_exclusion
                   GROUP BY classid, objid, refclassid, refobjid, deptype, rel.object_name, rrel.object_name
               )
 select referenced_schema_name,
    (CASE
      WHEN position('.' in referenced_name) >0 THEN substring(referenced_name from position('.' in referenced_name)+1 for length(referenced_name))
      ELSE referenced_name
    END)  AS referenced_name, 
   referencing_schema_name,
   (CASE
      WHEN position('.' in referencing_name) >0 THEN substring(referencing_name from position('.' in referencing_name)+1 for length(referencing_name))
      ELSE referencing_name
    END)  AS referencing_name from dependency_pair where REFERENCED_NAME != REFERENCING_NAME  AND ( REFERENCED_NAME like 'public.%' OR REFERENCED_NAME NOT LIKE '%.%')
 AND (CONTYPE::text != 'p' AND CONTYPE::text != 'f')
 AND referencing_schema_name is not null and referencing_name is not null"]
Params:[]
2023-07-28T06:51:08.027+03:00 DEBUG 11656 --- [           main] n.t.d.l.l.SLF4JQueryLoggingListener      : 
Name:dataSource, Connection:3, Time:15, Success:True
Type:Statement, Batch:False, QuerySize:1, BatchSize:0
Query:["WITH RECURSIVE preference AS (
    SELECT 10 AS max_depth  -- The deeper the recursion goes, the slower it performs.
         , 16384 AS min_oid -- user objects only
         , '^(londiste|pgq|pg_toast)'::text AS schema_exclusion
         , '^pg_(conversion|language|ts_(dict|template))'::text AS class_exclusion
         , '{"SCHEMA":"00", "TABLE":"01", "CONSTRAINT":"02", "DEFAULT":"03",
      "INDEX":"05", "SEQUENCE":"06", "TRIGGER":"07", "FUNCTION":"08",
      "VIEW":"10", "MVIEW":"11", "FOREIGN":"12"}'::json AS type_ranks),
               dependency_pair AS (
                   WITH relation_object AS ( SELECT oid, oid::regclass::text AS object_name  FROM pg_class )
                   SELECT DISTINCT                          substring(pg_identify_object(classid, objid, 0)::text, E'(\\w+?)\\.') as referenced_schema_name,                          CASE classid
                              WHEN 'pg_constraint'::regclass THEN (SELECT CONTYPE::text FROM pg_constraint WHERE oid = objid)
                              ELSE objid::text
                              END AS CONTYPE,
                         CASE classid
                              WHEN 'pg_attrdef'::regclass THEN (SELECT attname FROM pg_attrdef d JOIN pg_attribute c ON (c.attrelid,c.attnum)=(d.adrelid,d.adnum) WHERE d.oid = objid)
                              WHEN 'pg_cast'::regclass THEN (SELECT concat(castsource::regtype::text, ' AS ', casttarget::regtype::text,' WITH ', castfunc::regprocedure::text) FROM pg_cast WHERE oid = objid)
                              WHEN 'pg_class'::regclass THEN rel.object_name
                              WHEN 'pg_constraint'::regclass THEN (SELECT conname FROM pg_constraint WHERE oid = objid)
                              WHEN 'pg_extension'::regclass THEN (SELECT extname FROM pg_extension WHERE oid = objid)
                              WHEN 'pg_namespace'::regclass THEN (SELECT nspname FROM pg_namespace WHERE oid = objid)
                              WHEN 'pg_opclass'::regclass THEN (SELECT opcname FROM pg_opclass WHERE oid = objid)
                              WHEN 'pg_operator'::regclass THEN (SELECT oprname FROM pg_operator WHERE oid = objid)
                              WHEN 'pg_opfamily'::regclass THEN (SELECT opfname FROM pg_opfamily WHERE oid = objid)
                              WHEN 'pg_proc'::regclass THEN objid::regprocedure::text
                              WHEN 'pg_rewrite'::regclass THEN (SELECT ev_class::regclass::text FROM pg_rewrite WHERE oid = objid)
                              WHEN 'pg_trigger'::regclass THEN (SELECT tgname FROM pg_trigger WHERE oid = objid)
                              WHEN 'pg_type'::regclass THEN objid::regtype::text
                              ELSE objid::text
                              END AS REFERENCED_NAME,
                          substring(pg_identify_object(refclassid, refobjid, 0)::text, E'(\\w+?)\\.') as referencing_schema_name,                           CASE refclassid
                              WHEN 'pg_namespace'::regclass THEN (SELECT nspname FROM pg_namespace WHERE oid = refobjid)
                              WHEN 'pg_class'::regclass THEN rrel.object_name
                              WHEN 'pg_opfamily'::regclass THEN (SELECT opfname FROM pg_opfamily WHERE oid = refobjid)
                              WHEN 'pg_proc'::regclass THEN refobjid::regprocedure::text
                              WHEN 'pg_type'::regclass THEN refobjid::regtype::text
                              ELSE refobjid::text
                              END AS REFERENCING_NAME
                   FROM pg_depend dep
                            LEFT JOIN relation_object rel ON rel.oid = dep.objid
                            LEFT JOIN relation_object rrel ON rrel.oid = dep.refobjid, preference
                   WHERE deptype = ANY('{n,a}')
                     AND objid >= preference.min_oid
                     AND (refobjid >= preference.min_oid OR refobjid = 2200) -- need public schema as root node
                     AND classid::regclass::text !~ preference.class_exclusion
                     AND refclassid::regclass::text !~ preference.class_exclusion
                     AND COALESCE(SUBSTRING(objid::regclass::text, E'^(\\\\w+)\\\\.'),'') !~ preference.schema_exclusion
                     AND COALESCE(SUBSTRING(refobjid::regclass::text, E'^(\\\\w+)\\\\.'),'') !~ preference.schema_exclusion
                   GROUP BY classid, objid, refclassid, refobjid, deptype, rel.object_name, rrel.object_name
               )
 select referenced_schema_name,
    (CASE
      WHEN position('.' in referenced_name) >0 THEN substring(referenced_name from position('.' in referenced_name)+1 for length(referenced_name))
      ELSE referenced_name
    END)  AS referenced_name, 
   referencing_schema_name,
   (CASE
      WHEN position('.' in referencing_name) >0 THEN substring(referencing_name from position('.' in referencing_name)+1 for length(referencing_name))
      ELSE referencing_name
    END)  AS referencing_name from dependency_pair where REFERENCED_NAME != REFERENCING_NAME  AND ( REFERENCED_NAME like 'public.%' OR REFERENCED_NAME NOT LIKE '%.%')
 AND (CONTYPE::text != 'p' AND CONTYPE::text != 'f')
 AND referencing_schema_name is not null and referencing_name is not null"]
Params:[]
2023-07-28T06:51:08.043+03:00 DEBUG 11656 --- [           main] n.t.d.l.l.SLF4JQueryLoggingListener      : 
Name:dataSource, Connection:3, Time:13, Success:True
Type:Statement, Batch:False, QuerySize:1, BatchSize:0
Query:["WITH RECURSIVE preference AS (
    SELECT 10 AS max_depth  -- The deeper the recursion goes, the slower it performs.
         , 16384 AS min_oid -- user objects only
         , '^(londiste|pgq|pg_toast)'::text AS schema_exclusion
         , '^pg_(conversion|language|ts_(dict|template))'::text AS class_exclusion
         , '{"SCHEMA":"00", "TABLE":"01", "CONSTRAINT":"02", "DEFAULT":"03",
      "INDEX":"05", "SEQUENCE":"06", "TRIGGER":"07", "FUNCTION":"08",
      "VIEW":"10", "MVIEW":"11", "FOREIGN":"12"}'::json AS type_ranks),
               dependency_pair AS (
                   WITH relation_object AS ( SELECT oid, oid::regclass::text AS object_name  FROM pg_class )
                   SELECT DISTINCT                          substring(pg_identify_object(classid, objid, 0)::text, E'(\\w+?)\\.') as referenced_schema_name,                          CASE classid
                              WHEN 'pg_constraint'::regclass THEN (SELECT CONTYPE::text FROM pg_constraint WHERE oid = objid)
                              ELSE objid::text
                              END AS CONTYPE,
                         CASE classid
                              WHEN 'pg_attrdef'::regclass THEN (SELECT attname FROM pg_attrdef d JOIN pg_attribute c ON (c.attrelid,c.attnum)=(d.adrelid,d.adnum) WHERE d.oid = objid)
                              WHEN 'pg_cast'::regclass THEN (SELECT concat(castsource::regtype::text, ' AS ', casttarget::regtype::text,' WITH ', castfunc::regprocedure::text) FROM pg_cast WHERE oid = objid)
                              WHEN 'pg_class'::regclass THEN rel.object_name
                              WHEN 'pg_constraint'::regclass THEN (SELECT conname FROM pg_constraint WHERE oid = objid)
                              WHEN 'pg_extension'::regclass THEN (SELECT extname FROM pg_extension WHERE oid = objid)
                              WHEN 'pg_namespace'::regclass THEN (SELECT nspname FROM pg_namespace WHERE oid = objid)
                              WHEN 'pg_opclass'::regclass THEN (SELECT opcname FROM pg_opclass WHERE oid = objid)
                              WHEN 'pg_operator'::regclass THEN (SELECT oprname FROM pg_operator WHERE oid = objid)
                              WHEN 'pg_opfamily'::regclass THEN (SELECT opfname FROM pg_opfamily WHERE oid = objid)
                              WHEN 'pg_proc'::regclass THEN objid::regprocedure::text
                              WHEN 'pg_rewrite'::regclass THEN (SELECT ev_class::regclass::text FROM pg_rewrite WHERE oid = objid)
                              WHEN 'pg_trigger'::regclass THEN (SELECT tgname FROM pg_trigger WHERE oid = objid)
                              WHEN 'pg_type'::regclass THEN objid::regtype::text
                              ELSE objid::text
                              END AS REFERENCED_NAME,
                          substring(pg_identify_object(refclassid, refobjid, 0)::text, E'(\\w+?)\\.') as referencing_schema_name,                           CASE refclassid
                              WHEN 'pg_namespace'::regclass THEN (SELECT nspname FROM pg_namespace WHERE oid = refobjid)
                              WHEN 'pg_class'::regclass THEN rrel.object_name
                              WHEN 'pg_opfamily'::regclass THEN (SELECT opfname FROM pg_opfamily WHERE oid = refobjid)
                              WHEN 'pg_proc'::regclass THEN refobjid::regprocedure::text
                              WHEN 'pg_type'::regclass THEN refobjid::regtype::text
                              ELSE refobjid::text
                              END AS REFERENCING_NAME
                   FROM pg_depend dep
                            LEFT JOIN relation_object rel ON rel.oid = dep.objid
                            LEFT JOIN relation_object rrel ON rrel.oid = dep.refobjid, preference
                   WHERE deptype = ANY('{n,a}')
                     AND objid >= preference.min_oid
                     AND (refobjid >= preference.min_oid OR refobjid = 2200) -- need public schema as root node
                     AND classid::regclass::text !~ preference.class_exclusion
                     AND refclassid::regclass::text !~ preference.class_exclusion
                     AND COALESCE(SUBSTRING(objid::regclass::text, E'^(\\\\w+)\\\\.'),'') !~ preference.schema_exclusion
                     AND COALESCE(SUBSTRING(refobjid::regclass::text, E'^(\\\\w+)\\\\.'),'') !~ preference.schema_exclusion
                   GROUP BY classid, objid, refclassid, refobjid, deptype, rel.object_name, rrel.object_name
               )
 select referenced_schema_name,
    (CASE
      WHEN position('.' in referenced_name) >0 THEN substring(referenced_name from position('.' in referenced_name)+1 for length(referenced_name))
      ELSE referenced_name
    END)  AS referenced_name, 
   referencing_schema_name,
   (CASE
      WHEN position('.' in referencing_name) >0 THEN substring(referencing_name from position('.' in referencing_name)+1 for length(referencing_name))
      ELSE referencing_name
    END)  AS referencing_name from dependency_pair where REFERENCED_NAME != REFERENCING_NAME  AND ( REFERENCED_NAME like 'public.%' OR REFERENCED_NAME NOT LIKE '%.%')
 AND (CONTYPE::text != 'p' AND CONTYPE::text != 'f')
 AND referencing_schema_name is not null and referencing_name is not null"]
Params:[]
2023-07-28T06:51:08.082+03:00 DEBUG 11656 --- [           main] n.t.d.l.l.SLF4JQueryLoggingListener      : 
Name:dataSource, Connection:3, Time:14, Success:True
Type:Statement, Batch:False, QuerySize:1, BatchSize:0
Query:["WITH RECURSIVE preference AS (
    SELECT 10 AS max_depth  -- The deeper the recursion goes, the slower it performs.
         , 16384 AS min_oid -- user objects only
         , '^(londiste|pgq|pg_toast)'::text AS schema_exclusion
         , '^pg_(conversion|language|ts_(dict|template))'::text AS class_exclusion
         , '{"SCHEMA":"00", "TABLE":"01", "CONSTRAINT":"02", "DEFAULT":"03",
      "INDEX":"05", "SEQUENCE":"06", "TRIGGER":"07", "FUNCTION":"08",
      "VIEW":"10", "MVIEW":"11", "FOREIGN":"12"}'::json AS type_ranks),
               dependency_pair AS (
                   WITH relation_object AS ( SELECT oid, oid::regclass::text AS object_name  FROM pg_class )
                   SELECT DISTINCT                          substring(pg_identify_object(classid, objid, 0)::text, E'(\\w+?)\\.') as referenced_schema_name,                          CASE classid
                              WHEN 'pg_constraint'::regclass THEN (SELECT CONTYPE::text FROM pg_constraint WHERE oid = objid)
                              ELSE objid::text
                              END AS CONTYPE,
                         CASE classid
                              WHEN 'pg_attrdef'::regclass THEN (SELECT attname FROM pg_attrdef d JOIN pg_attribute c ON (c.attrelid,c.attnum)=(d.adrelid,d.adnum) WHERE d.oid = objid)
                              WHEN 'pg_cast'::regclass THEN (SELECT concat(castsource::regtype::text, ' AS ', casttarget::regtype::text,' WITH ', castfunc::regprocedure::text) FROM pg_cast WHERE oid = objid)
                              WHEN 'pg_class'::regclass THEN rel.object_name
                              WHEN 'pg_constraint'::regclass THEN (SELECT conname FROM pg_constraint WHERE oid = objid)
                              WHEN 'pg_extension'::regclass THEN (SELECT extname FROM pg_extension WHERE oid = objid)
                              WHEN 'pg_namespace'::regclass THEN (SELECT nspname FROM pg_namespace WHERE oid = objid)
                              WHEN 'pg_opclass'::regclass THEN (SELECT opcname FROM pg_opclass WHERE oid = objid)
                              WHEN 'pg_operator'::regclass THEN (SELECT oprname FROM pg_operator WHERE oid = objid)
                              WHEN 'pg_opfamily'::regclass THEN (SELECT opfname FROM pg_opfamily WHERE oid = objid)
                              WHEN 'pg_proc'::regclass THEN objid::regprocedure::text
                              WHEN 'pg_rewrite'::regclass THEN (SELECT ev_class::regclass::text FROM pg_rewrite WHERE oid = objid)
                              WHEN 'pg_trigger'::regclass THEN (SELECT tgname FROM pg_trigger WHERE oid = objid)
                              WHEN 'pg_type'::regclass THEN objid::regtype::text
                              ELSE objid::text
                              END AS REFERENCED_NAME,
                          substring(pg_identify_object(refclassid, refobjid, 0)::text, E'(\\w+?)\\.') as referencing_schema_name,                           CASE refclassid
                              WHEN 'pg_namespace'::regclass THEN (SELECT nspname FROM pg_namespace WHERE oid = refobjid)
                              WHEN 'pg_class'::regclass THEN rrel.object_name
                              WHEN 'pg_opfamily'::regclass THEN (SELECT opfname FROM pg_opfamily WHERE oid = refobjid)
                              WHEN 'pg_proc'::regclass THEN refobjid::regprocedure::text
                              WHEN 'pg_type'::regclass THEN refobjid::regtype::text
                              ELSE refobjid::text
                              END AS REFERENCING_NAME
                   FROM pg_depend dep
                            LEFT JOIN relation_object rel ON rel.oid = dep.objid
                            LEFT JOIN relation_object rrel ON rrel.oid = dep.refobjid, preference
                   WHERE deptype = ANY('{n,a}')
                     AND objid >= preference.min_oid
                     AND (refobjid >= preference.min_oid OR refobjid = 2200) -- need public schema as root node
                     AND classid::regclass::text !~ preference.class_exclusion
                     AND refclassid::regclass::text !~ preference.class_exclusion
                     AND COALESCE(SUBSTRING(objid::regclass::text, E'^(\\\\w+)\\\\.'),'') !~ preference.schema_exclusion
                     AND COALESCE(SUBSTRING(refobjid::regclass::text, E'^(\\\\w+)\\\\.'),'') !~ preference.schema_exclusion
                   GROUP BY classid, objid, refclassid, refobjid, deptype, rel.object_name, rrel.object_name
               )
 select referenced_schema_name,
    (CASE
      WHEN position('.' in referenced_name) >0 THEN substring(referenced_name from position('.' in referenced_name)+1 for length(referenced_name))
      ELSE referenced_name
    END)  AS referenced_name, 
   referencing_schema_name,
   (CASE
      WHEN position('.' in referencing_name) >0 THEN substring(referencing_name from position('.' in referencing_name)+1 for length(referencing_name))
      ELSE referencing_name
    END)  AS referencing_name from dependency_pair where REFERENCED_NAME != REFERENCING_NAME  AND ( REFERENCED_NAME like 'public.%' OR REFERENCED_NAME NOT LIKE '%.%')
 AND (CONTYPE::text != 'p' AND CONTYPE::text != 'f')
 AND referencing_schema_name is not null and referencing_name is not null"]
Params:[]
2023-07-28T06:51:08.108+03:00 DEBUG 11656 --- [           main] n.t.d.l.l.SLF4JQueryLoggingListener      : 
Name:dataSource, Connection:3, Time:3, Success:True
Type:Statement, Batch:False, QuerySize:1, BatchSize:0
Query:["DROP TABLE "public"."favourite_offerings" CASCADE"]
Params:[]
2023-07-28T06:51:08.112+03:00 DEBUG 11656 --- [           main] n.t.d.l.l.SLF4JQueryLoggingListener      : 
Name:dataSource, Connection:3, Time:2, Success:True
Type:Statement, Batch:False, QuerySize:1, BatchSize:0
Query:["DROP TABLE "public"."offerings" CASCADE"]
Params:[]
2023-07-28T06:51:08.116+03:00 DEBUG 11656 --- [           main] n.t.d.l.l.SLF4JQueryLoggingListener      : 
Name:dataSource, Connection:3, Time:2, Success:True
Type:Statement, Batch:False, QuerySize:1, BatchSize:0
Query:["DROP TABLE "public"."carts" CASCADE"]
Params:[]
2023-07-28T06:51:08.129+03:00 DEBUG 11656 --- [           main] n.t.d.l.l.SLF4JQueryLoggingListener      : 
Name:dataSource, Connection:3, Time:3, Success:True
Type:Statement, Batch:False, QuerySize:1, BatchSize:0
Query:["DROP TABLE "public"."tokens" CASCADE"]
Params:[]
2023-07-28T06:51:08.135+03:00 DEBUG 11656 --- [           main] n.t.d.l.l.SLF4JQueryLoggingListener      : 
Name:dataSource, Connection:3, Time:2, Success:True
Type:Statement, Batch:False, QuerySize:1, BatchSize:0
Query:["DROP TABLE "public"."users" CASCADE"]
Params:[]
2023-07-28T06:51:08.139+03:00 DEBUG 11656 --- [           main] n.t.d.l.l.SLF4JQueryLoggingListener      : 
Name:dataSource, Connection:3, Time:1, Success:True
Type:Statement, Batch:False, QuerySize:1, BatchSize:0
Query:["DROP TABLE "public"."geoip2_network" CASCADE"]
Params:[]
2023-07-28T06:51:08.142+03:00 DEBUG 11656 --- [           main] n.t.d.l.l.SLF4JQueryLoggingListener      : 
Name:dataSource, Connection:3, Time:1, Success:True
Type:Statement, Batch:False, QuerySize:1, BatchSize:0
Query:["DROP TABLE "public"."geoip2_location" CASCADE"]
Params:[]
2023-07-28T06:51:08.147+03:00 DEBUG 11656 --- [           main] n.t.d.l.l.SLF4JQueryLoggingListener      : 
Name:dataSource, Connection:3, Time:1, Success:True
Type:Statement, Batch:False, QuerySize:1, BatchSize:0
Query:["SELECT COUNT(*) FROM "public"."databasechangelog""]
Params:[]
2023-07-28T06:51:08.155+03:00 DEBUG 11656 --- [           main] n.t.d.l.l.SLF4JQueryLoggingListener      : 
Name:dataSource, Connection:3, Time:3, Success:True
Type:Statement, Batch:False, QuerySize:1, BatchSize:0
Query:["select CONSTRAINT_NAME, TABLE_NAME from information_schema.table_constraints where constraint_catalog='test' and constraint_schema='public' and constraint_type='UNIQUE' and table_name='databasechangelog'"]
Params:[]
2023-07-28T06:51:08.213+03:00 DEBUG 11656 --- [           main] n.t.d.l.l.SLF4JQueryLoggingListener      : 
Name:dataSource, Connection:3, Time:2, Success:True
Type:Statement, Batch:False, QuerySize:1, BatchSize:0
Query:["SELECT c.relname AS "SEQUENCE_NAME",   s.seqmin AS "MIN_VALUE", s.seqmax AS "MAX_VALUE", s.seqincrement AS "INCREMENT_BY",   s.seqcycle AS "WILL_CYCLE", s.seqstart AS "START_VALUE", s.seqcache AS "CACHE_SIZE",   pg_catalog.format_type(s.seqtypid, NULL) AS "SEQ_TYPE" FROM pg_class c JOIN pg_sequence s on c.oid = s.seqrelid JOIN pg_namespace ns on c.relnamespace = ns.oid LEFT JOIN pg_depend d ON c.oid = d.objid WHERE c.relkind = 'S' AND ns.nspname = 'public' AND (c.oid not in (select ds.objid FROM pg_depend ds where ds.refobjsubid > 0)OR  (   d.deptype = 'a' AND EXISTS (       select 1 from pg_attribute a         JOIN pg_class t ON t.oid = d.refobjid AND a.attrelid=t.oid AND a.attnum=d.refobjsubid         LEFT JOIN pg_catalog.pg_attrdef ad ON ad.adrelid = a.attrelid AND ad.adnum = a.attnum        WHERE a.atthasdef = false or not (pg_get_expr(ad.adbin, ad.adrelid) ilike '%' || c.relname || '%'))   ))"]
Params:[]
2023-07-28T06:51:08.216+03:00 DEBUG 11656 --- [           main] n.t.d.l.l.SLF4JQueryLoggingListener      : 
Name:dataSource, Connection:3, Time:2, Success:True
Type:Statement, Batch:False, QuerySize:1, BatchSize:0
Query:["select CONSTRAINT_NAME, TABLE_NAME from information_schema.table_constraints where constraint_catalog='test' and constraint_schema='public' and constraint_type='UNIQUE' and table_name='databasechangeloglock'"]
Params:[]
2023-07-28T06:51:08.284+03:00 DEBUG 11656 --- [           main] n.t.d.l.l.SLF4JQueryLoggingListener      : 
Name:dataSource, Connection:3, Time:1, Success:True
Type:Statement, Batch:False, QuerySize:1, BatchSize:0
Query:["DROP TABLE "public"."databasechangelog""]
Params:[]
2023-07-28T06:51:08.285+03:00  INFO 11656 --- [           main] liquibase.executor                       : Changelog query completed.
2023-07-28T06:51:08.287+03:00 DEBUG 11656 --- [           main] n.t.d.l.l.SLF4JQueryLoggingListener      : 
Name:dataSource, Connection:3, Time:1, Success:True
Type:Statement, Batch:False, QuerySize:1, BatchSize:0
Query:["SELECT COUNT(*) FROM "public"."databasechangeloglock""]
Params:[]
2023-07-28T06:51:08.295+03:00 DEBUG 11656 --- [           main] n.t.d.l.l.SLF4JQueryLoggingListener      : 
Name:dataSource, Connection:3, Time:3, Success:True
Type:Statement, Batch:False, QuerySize:1, BatchSize:0
Query:["select CONSTRAINT_NAME, TABLE_NAME from information_schema.table_constraints where constraint_catalog='test' and constraint_schema='public' and constraint_type='UNIQUE' and table_name='databasechangeloglock'"]
Params:[]
2023-07-28T06:51:08.336+03:00 DEBUG 11656 --- [           main] n.t.d.l.l.SLF4JQueryLoggingListener      : 
Name:dataSource, Connection:3, Time:2, Success:True
Type:Statement, Batch:False, QuerySize:1, BatchSize:0
Query:["SELECT c.relname AS "SEQUENCE_NAME",   s.seqmin AS "MIN_VALUE", s.seqmax AS "MAX_VALUE", s.seqincrement AS "INCREMENT_BY",   s.seqcycle AS "WILL_CYCLE", s.seqstart AS "START_VALUE", s.seqcache AS "CACHE_SIZE",   pg_catalog.format_type(s.seqtypid, NULL) AS "SEQ_TYPE" FROM pg_class c JOIN pg_sequence s on c.oid = s.seqrelid JOIN pg_namespace ns on c.relnamespace = ns.oid LEFT JOIN pg_depend d ON c.oid = d.objid WHERE c.relkind = 'S' AND ns.nspname = 'public' AND (c.oid not in (select ds.objid FROM pg_depend ds where ds.refobjsubid > 0)OR  (   d.deptype = 'a' AND EXISTS (       select 1 from pg_attribute a         JOIN pg_class t ON t.oid = d.refobjid AND a.attrelid=t.oid AND a.attnum=d.refobjsubid         LEFT JOIN pg_catalog.pg_attrdef ad ON ad.adrelid = a.attrelid AND ad.adnum = a.attnum        WHERE a.atthasdef = false or not (pg_get_expr(ad.adbin, ad.adrelid) ilike '%' || c.relname || '%'))   ))"]
Params:[]
2023-07-28T06:51:08.352+03:00 DEBUG 11656 --- [           main] n.t.d.l.l.SLF4JQueryLoggingListener      : 
Name:dataSource, Connection:3, Time:1, Success:True
Type:Statement, Batch:False, QuerySize:1, BatchSize:0
Query:["DROP TABLE "public"."databasechangeloglock""]
Params:[]
2023-07-28T06:51:08.353+03:00  INFO 11656 --- [           main] liquibase.executor                       : Changelog query completed.
2023-07-28T06:51:08.355+03:00  INFO 11656 --- [           main] liquibase.database                       : Successfully deleted all supported object types in schema test.public.
2023-07-28T06:51:08.359+03:00 DEBUG 11656 --- [           main] n.t.d.l.l.SLF4JQueryLoggingListener      : 
Name:dataSource, Connection:3, Time:1, Success:False
Type:Statement, Batch:False, QuerySize:1, BatchSize:0
Query:["SELECT COUNT(*) FROM public.databasechangeloglock"]
Params:[]
2023-07-28T06:51:08.361+03:00 DEBUG 11656 --- [           main] n.t.d.l.l.SLF4JQueryLoggingListener      : 
Name:dataSource, Connection:3, Time:0, Success:True
Type:Statement, Batch:False, QuerySize:1, BatchSize:0
Query:["SHOW SEARCH_PATH"]
Params:[]
2023-07-28T06:51:08.361+03:00  INFO 11656 --- [           main] liquibase.lockservice                    : Successfully released change log lock
2023-07-28T06:51:08.362+03:00 DEBUG 11656 --- [           main] n.t.d.l.l.SLF4JQueryLoggingListener      : 
Name:dataSource, Connection:3, Time:0, Success:True
Type:Statement, Batch:False, QuerySize:1, BatchSize:0
Query:["SHOW SEARCH_PATH"]
Params:[]
2023-07-28T06:51:08.364+03:00 DEBUG 11656 --- [           main] n.t.d.l.l.SLF4JQueryLoggingListener      : 
Name:dataSource, Connection:3, Time:1, Success:False
Type:Statement, Batch:False, QuerySize:1, BatchSize:0
Query:["SELECT COUNT(*) FROM public.databasechangeloglock"]
Params:[]
2023-07-28T06:51:08.368+03:00 DEBUG 11656 --- [           main] n.t.d.l.l.SLF4JQueryLoggingListener      : 
Name:dataSource, Connection:3, Time:1, Success:True
Type:Statement, Batch:False, QuerySize:1, BatchSize:0
Query:["SHOW SEARCH_PATH"]
Params:[]
All objects dropped from test@jdbc:postgresql://localhost:32780/test?loggerLevel=OFF
2023-07-28T06:51:08.434+03:00 DEBUG 11656 --- [           main] n.t.d.l.l.SLF4JQueryLoggingListener      : 
Name:dataSource, Connection:3, Time:1, Success:False
Type:Statement, Batch:False, QuerySize:1, BatchSize:0
Query:["SELECT COUNT(*) FROM public.databasechangelog"]
Params:[]
2023-07-28T06:51:08.435+03:00 DEBUG 11656 --- [           main] n.t.d.l.l.SLF4JQueryLoggingListener      : 
Name:dataSource, Connection:3, Time:0, Success:True
Type:Statement, Batch:False, QuerySize:1, BatchSize:0
Query:["SHOW SEARCH_PATH"]
Params:[]
2023-07-28T06:51:08.437+03:00 DEBUG 11656 --- [           main] n.t.d.l.l.SLF4JQueryLoggingListener      : 
Name:dataSource, Connection:3, Time:1, Success:True
Type:Statement, Batch:False, QuerySize:1, BatchSize:0
Query:["SHOW SEARCH_PATH"]
Params:[]
2023-07-28T06:51:08.442+03:00 DEBUG 11656 --- [           main] n.t.d.l.l.SLF4JQueryLoggingListener      : 
Name:dataSource, Connection:3, Time:0, Success:True
Type:Statement, Batch:False, QuerySize:1, BatchSize:0
Query:["SHOW SEARCH_PATH"]
Params:[]
2023-07-28T06:51:08.444+03:00 DEBUG 11656 --- [           main] n.t.d.l.l.SLF4JQueryLoggingListener      : 
Name:dataSource, Connection:3, Time:1, Success:False
Type:Statement, Batch:False, QuerySize:1, BatchSize:0
Query:["SELECT COUNT(*) FROM public.databasechangeloglock"]
Params:[]
2023-07-28T06:51:08.445+03:00 DEBUG 11656 --- [           main] n.t.d.l.l.SLF4JQueryLoggingListener      : 
Name:dataSource, Connection:3, Time:0, Success:True
Type:Statement, Batch:False, QuerySize:1, BatchSize:0
Query:["SHOW SEARCH_PATH"]
Params:[]
2023-07-28T06:51:08.450+03:00 DEBUG 11656 --- [           main] n.t.d.l.l.SLF4JQueryLoggingListener      : 
Name:dataSource, Connection:3, Time:2, Success:True
Type:Statement, Batch:False, QuerySize:1, BatchSize:0
Query:["CREATE TABLE public.databasechangeloglock (ID INTEGER NOT NULL, LOCKED BOOLEAN NOT NULL, LOCKGRANTED TIMESTAMP WITHOUT TIME ZONE, LOCKEDBY VARCHAR(255), CONSTRAINT databasechangeloglock_pkey PRIMARY KEY (ID))"]
Params:[]
2023-07-28T06:51:08.451+03:00  INFO 11656 --- [           main] liquibase.executor                       : Changelog query completed.
2023-07-28T06:51:08.453+03:00 DEBUG 11656 --- [           main] n.t.d.l.l.SLF4JQueryLoggingListener      : 
Name:dataSource, Connection:3, Time:1, Success:True
Type:Statement, Batch:False, QuerySize:1, BatchSize:0
Query:["SELECT COUNT(*) FROM public.databasechangeloglock"]
Params:[]
2023-07-28T06:51:08.453+03:00  INFO 11656 --- [           main] liquibase.executor                       : Changelog query completed.
2023-07-28T06:51:08.456+03:00 DEBUG 11656 --- [           main] n.t.d.l.l.SLF4JQueryLoggingListener      : 
Name:dataSource, Connection:3, Time:0, Success:True
Type:Statement, Batch:False, QuerySize:1, BatchSize:0
Query:["DELETE FROM public.databasechangeloglock"]
Params:[]
2023-07-28T06:51:08.457+03:00 DEBUG 11656 --- [           main] n.t.d.l.l.SLF4JQueryLoggingListener      : 
Name:dataSource, Connection:3, Time:1, Success:True
Type:Statement, Batch:False, QuerySize:1, BatchSize:0
Query:["INSERT INTO public.databasechangeloglock (ID, LOCKED) VALUES (1, FALSE)"]
Params:[]
2023-07-28T06:51:08.457+03:00  INFO 11656 --- [           main] liquibase.executor                       : Changelog query completed.
2023-07-28T06:51:08.459+03:00 DEBUG 11656 --- [           main] n.t.d.l.l.SLF4JQueryLoggingListener      : 
Name:dataSource, Connection:3, Time:1, Success:True
Type:Statement, Batch:False, QuerySize:1, BatchSize:0
Query:["SELECT LOCKED FROM public.databasechangeloglock WHERE ID=1"]
Params:[]
2023-07-28T06:51:08.459+03:00  INFO 11656 --- [           main] liquibase.executor                       : Changelog query completed.
2023-07-28T06:51:08.462+03:00 DEBUG 11656 --- [           main] n.t.d.l.l.SLF4JQueryLoggingListener      : 
Name:dataSource, Connection:3, Time:1, Success:True
Type:Statement, Batch:False, QuerySize:1, BatchSize:0
Query:["UPDATE public.databasechangeloglock SET LOCKED = TRUE, LOCKEDBY = 'oleh-HP-Compaq-6005-Pro-SFF-PC (172.17.0.1)', LOCKGRANTED = NOW() WHERE ID = 1 AND LOCKED = FALSE"]
Params:[]
2023-07-28T06:51:08.462+03:00  INFO 11656 --- [           main] liquibase.executor                       : Changelog query completed.
2023-07-28T06:51:08.462+03:00  INFO 11656 --- [           main] liquibase.lockservice                    : Successfully acquired change log lock
2023-07-28T06:51:08.464+03:00 DEBUG 11656 --- [           main] n.t.d.l.l.SLF4JQueryLoggingListener      : 
Name:dataSource, Connection:3, Time:1, Success:True
Type:Statement, Batch:False, QuerySize:1, BatchSize:0
Query:["SHOW SEARCH_PATH"]
Params:[]
2023-07-28T06:51:08.469+03:00  INFO 11656 --- [           main] liquibase.changelog                      : Creating database history table with name: public.databasechangelog
2023-07-28T06:51:08.476+03:00 DEBUG 11656 --- [           main] n.t.d.l.l.SLF4JQueryLoggingListener      : 
Name:dataSource, Connection:3, Time:2, Success:True
Type:Statement, Batch:False, QuerySize:1, BatchSize:0
Query:["CREATE TABLE public.databasechangelog (ID VARCHAR(255) NOT NULL, AUTHOR VARCHAR(255) NOT NULL, FILENAME VARCHAR(255) NOT NULL, DATEEXECUTED TIMESTAMP WITHOUT TIME ZONE NOT NULL, ORDEREXECUTED INTEGER NOT NULL, EXECTYPE VARCHAR(10) NOT NULL, MD5SUM VARCHAR(35), DESCRIPTION VARCHAR(255), COMMENTS VARCHAR(255), TAG VARCHAR(255), LIQUIBASE VARCHAR(20), CONTEXTS VARCHAR(255), LABELS VARCHAR(255), DEPLOYMENT_ID VARCHAR(10))"]
Params:[]
2023-07-28T06:51:08.476+03:00  INFO 11656 --- [           main] liquibase.executor                       : Changelog query completed.
2023-07-28T06:51:08.479+03:00 DEBUG 11656 --- [           main] n.t.d.l.l.SLF4JQueryLoggingListener      : 
Name:dataSource, Connection:3, Time:1, Success:True
Type:Statement, Batch:False, QuerySize:1, BatchSize:0
Query:["SELECT COUNT(*) FROM public.databasechangelog"]
Params:[]
2023-07-28T06:51:08.479+03:00  INFO 11656 --- [           main] liquibase.changelog                      : Reading from public.databasechangelog
2023-07-28T06:51:08.481+03:00 DEBUG 11656 --- [           main] n.t.d.l.l.SLF4JQueryLoggingListener      : 
Name:dataSource, Connection:3, Time:1, Success:True
Type:Statement, Batch:False, QuerySize:1, BatchSize:0
Query:["SELECT * FROM public.databasechangelog ORDER BY DATEEXECUTED ASC, ORDEREXECUTED ASC"]
Params:[]
2023-07-28T06:51:08.481+03:00  INFO 11656 --- [           main] liquibase.executor                       : Changelog query completed.
2023-07-28T06:51:08.483+03:00 DEBUG 11656 --- [           main] n.t.d.l.l.SLF4JQueryLoggingListener      : 
Name:dataSource, Connection:3, Time:1, Success:True
Type:Statement, Batch:False, QuerySize:1, BatchSize:0
Query:["SELECT COUNT(*) FROM public.databasechangeloglock"]
Params:[]
2023-07-28T06:51:08.484+03:00 DEBUG 11656 --- [           main] n.t.d.l.l.SLF4JQueryLoggingListener      : 
Name:dataSource, Connection:3, Time:0, Success:True
Type:Statement, Batch:False, QuerySize:1, BatchSize:0
Query:["SELECT COUNT(*) FROM public.databasechangeloglock"]
Params:[]
2023-07-28T06:51:08.485+03:00  INFO 11656 --- [           main] liquibase.executor                       : Changelog query completed.
2023-07-28T06:51:08.486+03:00 DEBUG 11656 --- [           main] n.t.d.l.l.SLF4JQueryLoggingListener      : 
Name:dataSource, Connection:3, Time:1, Success:True
Type:Statement, Batch:False, QuerySize:1, BatchSize:0
Query:["SHOW SEARCH_PATH"]
Params:[]
Running Changeset: db/changelog/sql/V01_create-geoip-tables.sql::1689478830697-1::obaibula
2023-07-28T06:51:08.499+03:00 DEBUG 11656 --- [           main] n.t.d.l.l.SLF4JQueryLoggingListener      : 
Name:dataSource, Connection:3, Time:1, Success:True
Type:Statement, Batch:False, QuerySize:1, BatchSize:0
Query:["SHOW SEARCH_PATH"]
Params:[]
2023-07-28T06:51:08.504+03:00 DEBUG 11656 --- [           main] n.t.d.l.l.SLF4JQueryLoggingListener      : 
Name:dataSource, Connection:3, Time:2, Success:True
Type:Statement, Batch:False, QuerySize:1, BatchSize:0
Query:["CREATE TABLE IF NOT EXISTS "geoip2_network" (
    "network" CIDR NOT NULL,
    "geoname_id" INTEGER,
    "registered_country_geoname_id" INTEGER,
    "represented_country_geoname_id" INTEGER,
    "is_anonymous_proxy" BOOLEAN,
    "is_satellite_provider" BOOLEAN,
    "postal_code" TEXT,
    "latitude" numeric,
    "longitude" numeric,
    "accuracy_radius" INTEGER)"]
Params:[]
2023-07-28T06:51:08.505+03:00  INFO 11656 --- [           main] liquibase.changelog                      : Custom SQL executed
2023-07-28T06:51:08.507+03:00  INFO 11656 --- [           main] liquibase.changelog                      : ChangeSet db/changelog/sql/V01_create-geoip-tables.sql::1689478830697-1::obaibula ran successfully in 11ms
2023-07-28T06:51:08.510+03:00 DEBUG 11656 --- [           main] n.t.d.l.l.SLF4JQueryLoggingListener      : 
Name:dataSource, Connection:3, Time:2, Success:True
Type:Statement, Batch:False, QuerySize:1, BatchSize:0
Query:["SELECT MAX(ORDEREXECUTED) FROM public.databasechangelog"]
Params:[]
2023-07-28T06:51:08.510+03:00  INFO 11656 --- [           main] liquibase.executor                       : Changelog query completed.
2023-07-28T06:51:08.513+03:00 DEBUG 11656 --- [           main] n.t.d.l.l.SLF4JQueryLoggingListener      : 
Name:dataSource, Connection:3, Time:2, Success:True
Type:Statement, Batch:False, QuerySize:1, BatchSize:0
Query:["INSERT INTO public.databasechangelog (ID, AUTHOR, FILENAME, DATEEXECUTED, ORDEREXECUTED, MD5SUM, DESCRIPTION, COMMENTS, EXECTYPE, CONTEXTS, LABELS, LIQUIBASE, DEPLOYMENT_ID) VALUES ('1689478830697-1', 'obaibula', 'db/changelog/sql/V01_create-geoip-tables.sql', NOW(), 1, '8:de8d74ac6944a1951ef19b05f337b8b6', 'sql', '', 'EXECUTED', 'prod', NULL, '4.20.0', '0516268487')"]
Params:[]
2023-07-28T06:51:08.515+03:00  INFO 11656 --- [           main] liquibase.executor                       : Changelog query completed.
Running Changeset: db/changelog/sql/V01_create-geoip-tables.sql::1689478830697-3::obaibula
2023-07-28T06:51:08.518+03:00 DEBUG 11656 --- [           main] n.t.d.l.l.SLF4JQueryLoggingListener      : 
Name:dataSource, Connection:3, Time:1, Success:True
Type:Statement, Batch:False, QuerySize:1, BatchSize:0
Query:["SHOW SEARCH_PATH"]
Params:[]
2023-07-28T06:51:08.525+03:00 DEBUG 11656 --- [           main] n.t.d.l.l.SLF4JQueryLoggingListener      : 
Name:dataSource, Connection:3, Time:4, Success:True
Type:Statement, Batch:False, QuerySize:1, BatchSize:0
Query:["CREATE TABLE IF NOT EXISTS "geoip2_location" (
    "geoname_id" INTEGER NOT NULL,
    "locale_code" TEXT NOT NULL,
    "continent_code" TEXT NOT NULL,
    "continent_name" TEXT NOT NULL,
    "country_iso_code" TEXT,
    "country_name" TEXT,
    "subdivision_1_iso_code" TEXT,
    "subdivision_1_name" TEXT,
    "subdivision_2_iso_code" TEXT,
    "subdivision_2_name" TEXT,
    "city_name" TEXT,
    "metro_code" INTEGER,
    "time_zone" TEXT,
    "is_in_european_union"
    BOOLEAN NOT NULL,
    CONSTRAINT "geoip2_location_pkey" PRIMARY KEY ("geoname_id", "locale_code"))"]
Params:[]
2023-07-28T06:51:08.525+03:00  INFO 11656 --- [           main] liquibase.changelog                      : Custom SQL executed
2023-07-28T06:51:08.527+03:00  INFO 11656 --- [           main] liquibase.changelog                      : ChangeSet db/changelog/sql/V01_create-geoip-tables.sql::1689478830697-3::obaibula ran successfully in 10ms
2023-07-28T06:51:08.529+03:00 DEBUG 11656 --- [           main] n.t.d.l.l.SLF4JQueryLoggingListener      : 
Name:dataSource, Connection:3, Time:1, Success:True
Type:Statement, Batch:False, QuerySize:1, BatchSize:0
Query:["INSERT INTO public.databasechangelog (ID, AUTHOR, FILENAME, DATEEXECUTED, ORDEREXECUTED, MD5SUM, DESCRIPTION, COMMENTS, EXECTYPE, CONTEXTS, LABELS, LIQUIBASE, DEPLOYMENT_ID) VALUES ('1689478830697-3', 'obaibula', 'db/changelog/sql/V01_create-geoip-tables.sql', NOW(), 2, '8:98a65a153462100147a681cf52256eae', 'sql', '', 'EXECUTED', 'prod', NULL, '4.20.0', '0516268487')"]
Params:[]
2023-07-28T06:51:08.537+03:00  INFO 11656 --- [           main] liquibase.executor                       : Changelog query completed.
Running Changeset: db/changelog/sql/V01_create-geoip-tables.sql::4::obaibula
2023-07-28T06:51:08.543+03:00 DEBUG 11656 --- [           main] n.t.d.l.l.SLF4JQueryLoggingListener      : 
Name:dataSource, Connection:3, Time:1, Success:True
Type:Statement, Batch:False, QuerySize:1, BatchSize:0
Query:["SHOW SEARCH_PATH"]
Params:[]
2023-07-28T06:51:08.550+03:00 DEBUG 11656 --- [           main] n.t.d.l.l.SLF4JQueryLoggingListener      : 
Name:dataSource, Connection:3, Time:2, Success:True
Type:Statement, Batch:False, QuerySize:1, BatchSize:0
Query:["INSERT INTO "geoip2_network" ("network", "geoname_id", "registered_country_geoname_id", "represented_country_geoname_id", "is_anonymous_proxy", "is_satellite_provider", "postal_code", "latitude", "longitude", "accuracy_radius")
VALUES
    ('176.36.192.0/20', 12345, 54321, NULL, FALSE, FALSE, '12345', 37.7749, -122.4194, 10),
    ('203.0.113.0/24', 54321, 98765, 24680, TRUE, TRUE, '54321', 40.7128, -74.0060, 20),
    ('198.51.100.0/24', NULL, NULL, NULL, FALSE, FALSE, NULL, 34.0522, -118.2437, 15),
    ('2001:db8::/32', 98765, NULL, NULL, TRUE, FALSE, '98765', 51.5074, -0.1278, 30)"]
Params:[]
2023-07-28T06:51:08.550+03:00  INFO 11656 --- [           main] liquibase.changelog                      : Custom SQL executed
2023-07-28T06:51:08.552+03:00  INFO 11656 --- [           main] liquibase.changelog                      : ChangeSet db/changelog/sql/V01_create-geoip-tables.sql::4::obaibula ran successfully in 10ms
2023-07-28T06:51:08.555+03:00 DEBUG 11656 --- [           main] n.t.d.l.l.SLF4JQueryLoggingListener      : 
Name:dataSource, Connection:3, Time:1, Success:True
Type:Statement, Batch:False, QuerySize:1, BatchSize:0
Query:["INSERT INTO public.databasechangelog (ID, AUTHOR, FILENAME, DATEEXECUTED, ORDEREXECUTED, MD5SUM, DESCRIPTION, COMMENTS, EXECTYPE, CONTEXTS, LABELS, LIQUIBASE, DEPLOYMENT_ID) VALUES ('4', 'obaibula', 'db/changelog/sql/V01_create-geoip-tables.sql', NOW(), 3, '8:e278b1ac11ece9be77e385b3a54cb796', 'sql', '', 'EXECUTED', 'test', NULL, '4.20.0', '0516268487')"]
Params:[]
2023-07-28T06:51:08.555+03:00  INFO 11656 --- [           main] liquibase.executor                       : Changelog query completed.
Running Changeset: db/changelog/sql/V01_create-geoip-tables.sql::5::obaibula
2023-07-28T06:51:08.558+03:00 DEBUG 11656 --- [           main] n.t.d.l.l.SLF4JQueryLoggingListener      : 
Name:dataSource, Connection:3, Time:1, Success:True
Type:Statement, Batch:False, QuerySize:1, BatchSize:0
Query:["SHOW SEARCH_PATH"]
Params:[]
2023-07-28T06:51:08.563+03:00 DEBUG 11656 --- [           main] n.t.d.l.l.SLF4JQueryLoggingListener      : 
Name:dataSource, Connection:3, Time:1, Success:True
Type:Statement, Batch:False, QuerySize:1, BatchSize:0
Query:["INSERT INTO "geoip2_location" ("geoname_id", "locale_code", "continent_code", "continent_name", "country_iso_code", "country_name", "subdivision_1_iso_code", "subdivision_1_name", "subdivision_2_iso_code", "subdivision_2_name", "city_name", "metro_code", "time_zone", "is_in_european_union")
VALUES
    (12345, 'en', 'UA', 'Europe', 'UA', 'Ukraine', 'EU', 'Europe', NULL, NULL, 'Lutsk', 123, 'Ukraine/Kyiv', FALSE),
    (54321, 'en', 'AS', 'Asia', 'JP', 'Japan', '13', 'Tokyo', NULL, NULL, 'Tokyo', 456, 'Asia/Tokyo', FALSE),
    (98765, 'en', 'EU', 'Europe', 'GB', 'United Kingdom', 'ENG', 'England', 'LND', 'London', 'London', NULL, 'Europe/London', TRUE),
    (24680, 'en', 'EU', 'Europe', 'DE', 'Germany', 'BB', 'Brandenburg', 'BR', 'Berlin', 'Berlin', 789, 'Europe/Berlin', TRUE)"]
Params:[]
2023-07-28T06:51:08.564+03:00  INFO 11656 --- [           main] liquibase.changelog                      : Custom SQL executed
2023-07-28T06:51:08.565+03:00  INFO 11656 --- [           main] liquibase.changelog                      : ChangeSet db/changelog/sql/V01_create-geoip-tables.sql::5::obaibula ran successfully in 8ms
2023-07-28T06:51:08.568+03:00 DEBUG 11656 --- [           main] n.t.d.l.l.SLF4JQueryLoggingListener      : 
Name:dataSource, Connection:3, Time:1, Success:True
Type:Statement, Batch:False, QuerySize:1, BatchSize:0
Query:["INSERT INTO public.databasechangelog (ID, AUTHOR, FILENAME, DATEEXECUTED, ORDEREXECUTED, MD5SUM, DESCRIPTION, COMMENTS, EXECTYPE, CONTEXTS, LABELS, LIQUIBASE, DEPLOYMENT_ID) VALUES ('5', 'obaibula', 'db/changelog/sql/V01_create-geoip-tables.sql', NOW(), 4, '8:019499a2431517183f8b26aa6e95732d', 'sql', '', 'EXECUTED', 'test', NULL, '4.20.0', '0516268487')"]
Params:[]
2023-07-28T06:51:08.568+03:00  INFO 11656 --- [           main] liquibase.executor                       : Changelog query completed.
Running Changeset: db/changelog/sql/V02_create-geoip-index.sql::1689478830697-2::obaibula
2023-07-28T06:51:08.580+03:00 DEBUG 11656 --- [           main] n.t.d.l.l.SLF4JQueryLoggingListener      : 
Name:dataSource, Connection:3, Time:0, Success:True
Type:Statement, Batch:False, QuerySize:1, BatchSize:0
Query:["SHOW SEARCH_PATH"]
Params:[]
2023-07-28T06:51:08.585+03:00 DEBUG 11656 --- [           main] n.t.d.l.l.SLF4JQueryLoggingListener      : 
Name:dataSource, Connection:3, Time:3, Success:True
Type:Statement, Batch:False, QuerySize:1, BatchSize:0
Query:["CREATE INDEX IF NOT EXISTS "geoip2_network_network_idx" ON "geoip2_network"("network")"]
Params:[]
2023-07-28T06:51:08.586+03:00  INFO 11656 --- [           main] liquibase.changelog                      : Custom SQL executed
2023-07-28T06:51:08.587+03:00  INFO 11656 --- [           main] liquibase.changelog                      : ChangeSet db/changelog/sql/V02_create-geoip-index.sql::1689478830697-2::obaibula ran successfully in 18ms
2023-07-28T06:51:08.590+03:00 DEBUG 11656 --- [           main] n.t.d.l.l.SLF4JQueryLoggingListener      : 
Name:dataSource, Connection:3, Time:1, Success:True
Type:Statement, Batch:False, QuerySize:1, BatchSize:0
Query:["INSERT INTO public.databasechangelog (ID, AUTHOR, FILENAME, DATEEXECUTED, ORDEREXECUTED, MD5SUM, DESCRIPTION, COMMENTS, EXECTYPE, CONTEXTS, LABELS, LIQUIBASE, DEPLOYMENT_ID) VALUES ('1689478830697-2', 'obaibula', 'db/changelog/sql/V02_create-geoip-index.sql', NOW(), 5, '8:ced7f033d481d56b6108ed85a9570cae', 'sql', '', 'EXECUTED', 'prod', NULL, '4.20.0', '0516268487')"]
Params:[]
2023-07-28T06:51:08.591+03:00  INFO 11656 --- [           main] liquibase.executor                       : Changelog query completed.
Running Changeset: db/changelog/sql/V03_create-users-table-for-security.sql::6::obaibula
2023-07-28T06:51:08.594+03:00 DEBUG 11656 --- [           main] n.t.d.l.l.SLF4JQueryLoggingListener      : 
Name:dataSource, Connection:3, Time:1, Success:True
Type:Statement, Batch:False, QuerySize:1, BatchSize:0
Query:["SHOW SEARCH_PATH"]
Params:[]
2023-07-28T06:51:08.600+03:00 DEBUG 11656 --- [           main] n.t.d.l.l.SLF4JQueryLoggingListener      : 
Name:dataSource, Connection:3, Time:4, Success:True
Type:Statement, Batch:False, QuerySize:1, BatchSize:0
Query:["CREATE TABLE IF NOT EXISTS users (
    id BIGSERIAL PRIMARY KEY,
    first_name TEXT,
    last_name TEXT,
    email TEXT UNIQUE NOT NULL,
    password TEXT NOT NULL,
    role TEXT DEFAULT 'CUSTOMER'
)"]
Params:[]
2023-07-28T06:51:08.600+03:00  INFO 11656 --- [           main] liquibase.changelog                      : Custom SQL executed
2023-07-28T06:51:08.602+03:00  INFO 11656 --- [           main] liquibase.changelog                      : ChangeSet db/changelog/sql/V03_create-users-table-for-security.sql::6::obaibula ran successfully in 9ms
2023-07-28T06:51:08.604+03:00 DEBUG 11656 --- [           main] n.t.d.l.l.SLF4JQueryLoggingListener      : 
Name:dataSource, Connection:3, Time:1, Success:True
Type:Statement, Batch:False, QuerySize:1, BatchSize:0
Query:["INSERT INTO public.databasechangelog (ID, AUTHOR, FILENAME, DATEEXECUTED, ORDEREXECUTED, MD5SUM, DESCRIPTION, COMMENTS, EXECTYPE, CONTEXTS, LABELS, LIQUIBASE, DEPLOYMENT_ID) VALUES ('6', 'obaibula', 'db/changelog/sql/V03_create-users-table-for-security.sql', NOW(), 6, '8:f6c78f3f87a278441177b7688195e3ae', 'sql', '', 'EXECUTED', 'prod', NULL, '4.20.0', '0516268487')"]
Params:[]
2023-07-28T06:51:08.605+03:00  INFO 11656 --- [           main] liquibase.executor                       : Changelog query completed.
Running Changeset: db/changelog/sql/V03_create-users-table-for-security.sql::7::obaibula
2023-07-28T06:51:08.607+03:00 DEBUG 11656 --- [           main] n.t.d.l.l.SLF4JQueryLoggingListener      : 
Name:dataSource, Connection:3, Time:0, Success:True
Type:Statement, Batch:False, QuerySize:1, BatchSize:0
Query:["SHOW SEARCH_PATH"]
Params:[]
2023-07-28T06:51:08.618+03:00 DEBUG 11656 --- [           main] n.t.d.l.l.SLF4JQueryLoggingListener      : 
Name:dataSource, Connection:3, Time:9, Success:True
Type:Statement, Batch:False, QuerySize:1, BatchSize:0
Query:["INSERT INTO users(email, password)
VALUES('user@mail.com', 'qWaSzX123!#')"]
Params:[]
2023-07-28T06:51:08.619+03:00  INFO 11656 --- [           main] liquibase.changelog                      : Custom SQL executed
2023-07-28T06:51:08.620+03:00  INFO 11656 --- [           main] liquibase.changelog                      : ChangeSet db/changelog/sql/V03_create-users-table-for-security.sql::7::obaibula ran successfully in 14ms
2023-07-28T06:51:08.625+03:00 DEBUG 11656 --- [           main] n.t.d.l.l.SLF4JQueryLoggingListener      : 
Name:dataSource, Connection:3, Time:1, Success:True
Type:Statement, Batch:False, QuerySize:1, BatchSize:0
Query:["INSERT INTO public.databasechangelog (ID, AUTHOR, FILENAME, DATEEXECUTED, ORDEREXECUTED, MD5SUM, DESCRIPTION, COMMENTS, EXECTYPE, CONTEXTS, LABELS, LIQUIBASE, DEPLOYMENT_ID) VALUES ('7', 'obaibula', 'db/changelog/sql/V03_create-users-table-for-security.sql', NOW(), 7, '8:38a3b56e8eff8ad7c0470e0c84d8f653', 'sql', '', 'EXECUTED', 'test', NULL, '4.20.0', '0516268487')"]
Params:[]
2023-07-28T06:51:08.625+03:00  INFO 11656 --- [           main] liquibase.executor                       : Changelog query completed.
Running Changeset: db/changelog/sql/V04_create-tokens-table.sql::8::obaibula
2023-07-28T06:51:08.628+03:00 DEBUG 11656 --- [           main] n.t.d.l.l.SLF4JQueryLoggingListener      : 
Name:dataSource, Connection:3, Time:1, Success:True
Type:Statement, Batch:False, QuerySize:1, BatchSize:0
Query:["SHOW SEARCH_PATH"]
Params:[]
2023-07-28T06:51:08.633+03:00 DEBUG 11656 --- [           main] n.t.d.l.l.SLF4JQueryLoggingListener      : 
Name:dataSource, Connection:3, Time:3, Success:True
Type:Statement, Batch:False, QuerySize:1, BatchSize:0
Query:["CREATE TABLE IF NOT EXISTS tokens(
    id BIGSERIAL PRIMARY KEY,
    token TEXT,
    token_type TEXT,
    expired BOOLEAN,
    revoked BOOLEAN,
    user_id BIGINT REFERENCES users(id) ON DELETE CASCADE
)"]
Params:[]
2023-07-28T06:51:08.634+03:00  INFO 11656 --- [           main] liquibase.changelog                      : Custom SQL executed
2023-07-28T06:51:08.635+03:00  INFO 11656 --- [           main] liquibase.changelog                      : ChangeSet db/changelog/sql/V04_create-tokens-table.sql::8::obaibula ran successfully in 8ms
2023-07-28T06:51:08.638+03:00 DEBUG 11656 --- [           main] n.t.d.l.l.SLF4JQueryLoggingListener      : 
Name:dataSource, Connection:3, Time:1, Success:True
Type:Statement, Batch:False, QuerySize:1, BatchSize:0
[...]
Query:["INSERT INTO public.databasechangelog (ID, AUTHOR, FILENAME, DATEEXECUTED, ORDEREXECUTED, MD5SUM, DESCRIPTION, COMMENTS, EXECTYPE, CONTEXTS, LABELS, LIQUIBASE, DEPLOYMENT_ID) VALUES ('1689478830697-3', 'obaibula', 'db/changelog/sql/V01_create-geoip-tables.sql', NOW(), 2, '8:98a65a153462100147a681cf52256eae', 'sql', '', 'EXECUTED', 'prod', NULL, '4.20.0', '0516269570')"]
Params:[]
2023-07-28T06:51:09.598+03:00  INFO 11656 --- [           main] liquibase.executor                       : Changelog query completed.
Running Changeset: db/changelog/sql/V01_create-geoip-tables.sql::4::obaibula
2023-07-28T06:51:09.604+03:00 DEBUG 11656 --- [           main] n.t.d.l.l.SLF4JQueryLoggingListener      : 
Name:dataSource, Connection:5, Time:0, Success:True
Type:Statement, Batch:False, QuerySize:1, BatchSize:0
Query:["SHOW SEARCH_PATH"]
Params:[]
2023-07-28T06:51:09.608+03:00 DEBUG 11656 --- [           main] n.t.d.l.l.SLF4JQueryLoggingListener      : 
Name:dataSource, Connection:5, Time:1, Success:True
Type:Statement, Batch:False, QuerySize:1, BatchSize:0
Query:["INSERT INTO "geoip2_network" ("network", "geoname_id", "registered_country_geoname_id", "represented_country_geoname_id", "is_anonymous_proxy", "is_satellite_provider", "postal_code", "latitude", "longitude", "accuracy_radius")
VALUES
    ('176.36.192.0/20', 12345, 54321, NULL, FALSE, FALSE, '12345', 37.7749, -122.4194, 10),
    ('203.0.113.0/24', 54321, 98765, 24680, TRUE, TRUE, '54321', 40.7128, -74.0060, 20),
    ('198.51.100.0/24', NULL, NULL, NULL, FALSE, FALSE, NULL, 34.0522, -118.2437, 15),
    ('2001:db8::/32', 98765, NULL, NULL, TRUE, FALSE, '98765', 51.5074, -0.1278, 30)"]
Params:[]
2023-07-28T06:51:09.608+03:00  INFO 11656 --- [           main] liquibase.changelog                      : Custom SQL executed
2023-07-28T06:51:09.609+03:00  INFO 11656 --- [           main] liquibase.changelog                      : ChangeSet db/changelog/sql/V01_create-geoip-tables.sql::4::obaibula ran successfully in 8ms
2023-07-28T06:51:09.615+03:00 DEBUG 11656 --- [           main] n.t.d.l.l.SLF4JQueryLoggingListener      : 
Name:dataSource, Connection:5, Time:1, Success:True
Type:Statement, Batch:False, QuerySize:1, BatchSize:0
Query:["INSERT INTO public.databasechangelog (ID, AUTHOR, FILENAME, DATEEXECUTED, ORDEREXECUTED, MD5SUM, DESCRIPTION, COMMENTS, EXECTYPE, CONTEXTS, LABELS, LIQUIBASE, DEPLOYMENT_ID) VALUES ('4', 'obaibula', 'db/changelog/sql/V01_create-geoip-tables.sql', NOW(), 3, '8:e278b1ac11ece9be77e385b3a54cb796', 'sql', '', 'EXECUTED', 'test', NULL, '4.20.0', '0516269570')"]
Params:[]
2023-07-28T06:51:09.615+03:00  INFO 11656 --- [           main] liquibase.executor                       : Changelog query completed.
Running Changeset: db/changelog/sql/V01_create-geoip-tables.sql::5::obaibula
2023-07-28T06:51:09.618+03:00 DEBUG 11656 --- [           main] n.t.d.l.l.SLF4JQueryLoggingListener      : 
Name:dataSource, Connection:5, Time:0, Success:True
Type:Statement, Batch:False, QuerySize:1, BatchSize:0
Query:["SHOW SEARCH_PATH"]
Params:[]
2023-07-28T06:51:09.623+03:00 DEBUG 11656 --- [           main] n.t.d.l.l.SLF4JQueryLoggingListener      : 
Name:dataSource, Connection:5, Time:1, Success:True
Type:Statement, Batch:False, QuerySize:1, BatchSize:0
Query:["INSERT INTO "geoip2_location" ("geoname_id", "locale_code", "continent_code", "continent_name", "country_iso_code", "country_name", "subdivision_1_iso_code", "subdivision_1_name", "subdivision_2_iso_code", "subdivision_2_name", "city_name", "metro_code", "time_zone", "is_in_european_union")
VALUES
    (12345, 'en', 'UA', 'Europe', 'UA', 'Ukraine', 'EU', 'Europe', NULL, NULL, 'Lutsk', 123, 'Ukraine/Kyiv', FALSE),
    (54321, 'en', 'AS', 'Asia', 'JP', 'Japan', '13', 'Tokyo', NULL, NULL, 'Tokyo', 456, 'Asia/Tokyo', FALSE),
    (98765, 'en', 'EU', 'Europe', 'GB', 'United Kingdom', 'ENG', 'England', 'LND', 'London', 'London', NULL, 'Europe/London', TRUE),
    (24680, 'en', 'EU', 'Europe', 'DE', 'Germany', 'BB', 'Brandenburg', 'BR', 'Berlin', 'Berlin', 789, 'Europe/Berlin', TRUE)"]
Params:[]
2023-07-28T06:51:09.624+03:00  INFO 11656 --- [           main] liquibase.changelog                      : Custom SQL executed
2023-07-28T06:51:09.625+03:00  INFO 11656 --- [           main] liquibase.changelog                      : ChangeSet db/changelog/sql/V01_create-geoip-tables.sql::5::obaibula ran successfully in 7ms
2023-07-28T06:51:09.628+03:00 DEBUG 11656 --- [           main] n.t.d.l.l.SLF4JQueryLoggingListener      : 
Name:dataSource, Connection:5, Time:1, Success:True
Type:Statement, Batch:False, QuerySize:1, BatchSize:0
Query:["INSERT INTO public.databasechangelog (ID, AUTHOR, FILENAME, DATEEXECUTED, ORDEREXECUTED, MD5SUM, DESCRIPTION, COMMENTS, EXECTYPE, CONTEXTS, LABELS, LIQUIBASE, DEPLOYMENT_ID) VALUES ('5', 'obaibula', 'db/changelog/sql/V01_create-geoip-tables.sql', NOW(), 4, '8:019499a2431517183f8b26aa6e95732d', 'sql', '', 'EXECUTED', 'test', NULL, '4.20.0', '0516269570')"]
Params:[]
2023-07-28T06:51:09.628+03:00  INFO 11656 --- [           main] liquibase.executor                       : Changelog query completed.
Running Changeset: db/changelog/sql/V02_create-geoip-index.sql::1689478830697-2::obaibula
2023-07-28T06:51:09.632+03:00 DEBUG 11656 --- [           main] n.t.d.l.l.SLF4JQueryLoggingListener      : 
Name:dataSource, Connection:5, Time:0, Success:True
Type:Statement, Batch:False, QuerySize:1, BatchSize:0
Query:["SHOW SEARCH_PATH"]
Params:[]
2023-07-28T06:51:09.635+03:00 DEBUG 11656 --- [           main] n.t.d.l.l.SLF4JQueryLoggingListener      : 
Name:dataSource, Connection:5, Time:1, Success:True
Type:Statement, Batch:False, QuerySize:1, BatchSize:0
Query:["CREATE INDEX IF NOT EXISTS "geoip2_network_network_idx" ON "geoip2_network"("network")"]
Params:[]
2023-07-28T06:51:09.635+03:00  INFO 11656 --- [           main] liquibase.changelog                      : Custom SQL executed
2023-07-28T06:51:09.636+03:00  INFO 11656 --- [           main] liquibase.changelog                      : ChangeSet db/changelog/sql/V02_create-geoip-index.sql::1689478830697-2::obaibula ran successfully in 7ms
2023-07-28T06:51:09.638+03:00 DEBUG 11656 --- [           main] n.t.d.l.l.SLF4JQueryLoggingListener      : 
Name:dataSource, Connection:5, Time:0, Success:True
Type:Statement, Batch:False, QuerySize:1, BatchSize:0
Query:["INSERT INTO public.databasechangelog (ID, AUTHOR, FILENAME, DATEEXECUTED, ORDEREXECUTED, MD5SUM, DESCRIPTION, COMMENTS, EXECTYPE, CONTEXTS, LABELS, LIQUIBASE, DEPLOYMENT_ID) VALUES ('1689478830697-2', 'obaibula', 'db/changelog/sql/V02_create-geoip-index.sql', NOW(), 5, '8:ced7f033d481d56b6108ed85a9570cae', 'sql', '', 'EXECUTED', 'prod', NULL, '4.20.0', '0516269570')"]
Params:[]
2023-07-28T06:51:09.639+03:00  INFO 11656 --- [           main] liquibase.executor                       : Changelog query completed.
Running Changeset: db/changelog/sql/V03_create-users-table-for-security.sql::6::obaibula
2023-07-28T06:51:09.640+03:00 DEBUG 11656 --- [           main] n.t.d.l.l.SLF4JQueryLoggingListener      : 
Name:dataSource, Connection:5, Time:0, Success:True
Type:Statement, Batch:False, QuerySize:1, BatchSize:0
Query:["SHOW SEARCH_PATH"]
Params:[]
2023-07-28T06:51:09.645+03:00 DEBUG 11656 --- [           main] n.t.d.l.l.SLF4JQueryLoggingListener      : 
Name:dataSource, Connection:5, Time:3, Success:True
Type:Statement, Batch:False, QuerySize:1, BatchSize:0
Query:["CREATE TABLE IF NOT EXISTS users (
    id BIGSERIAL PRIMARY KEY,
    first_name TEXT,
    last_name TEXT,
    email TEXT UNIQUE NOT NULL,
    password TEXT NOT NULL,
    role TEXT DEFAULT 'CUSTOMER'
)"]
Params:[]
2023-07-28T06:51:09.645+03:00  INFO 11656 --- [           main] liquibase.changelog                      : Custom SQL executed
2023-07-28T06:51:09.646+03:00  INFO 11656 --- [           main] liquibase.changelog                      : ChangeSet db/changelog/sql/V03_create-users-table-for-security.sql::6::obaibula ran successfully in 7ms
2023-07-28T06:51:09.648+03:00 DEBUG 11656 --- [           main] n.t.d.l.l.SLF4JQueryLoggingListener      : 
Name:dataSource, Connection:5, Time:0, Success:True
Type:Statement, Batch:False, QuerySize:1, BatchSize:0
Query:["INSERT INTO public.databasechangelog (ID, AUTHOR, FILENAME, DATEEXECUTED, ORDEREXECUTED, MD5SUM, DESCRIPTION, COMMENTS, EXECTYPE, CONTEXTS, LABELS, LIQUIBASE, DEPLOYMENT_ID) VALUES ('6', 'obaibula', 'db/changelog/sql/V03_create-users-table-for-security.sql', NOW(), 6, '8:f6c78f3f87a278441177b7688195e3ae', 'sql', '', 'EXECUTED', 'prod', NULL, '4.20.0', '0516269570')"]
Params:[]
2023-07-28T06:51:09.649+03:00  INFO 11656 --- [           main] liquibase.executor                       : Changelog query completed.
Running Changeset: db/changelog/sql/V03_create-users-table-for-security.sql::7::obaibula
2023-07-28T06:51:09.650+03:00 DEBUG 11656 --- [           main] n.t.d.l.l.SLF4JQueryLoggingListener      : 
Name:dataSource, Connection:5, Time:0, Success:True
Type:Statement, Batch:False, QuerySize:1, BatchSize:0
Query:["SHOW SEARCH_PATH"]
Params:[]
2023-07-28T06:51:09.652+03:00 DEBUG 11656 --- [           main] n.t.d.l.l.SLF4JQueryLoggingListener      : 
Name:dataSource, Connection:5, Time:1, Success:True
Type:Statement, Batch:False, QuerySize:1, BatchSize:0
Query:["INSERT INTO users(email, password)
VALUES('user@mail.com', 'qWaSzX123!#')"]
Params:[]
2023-07-28T06:51:09.652+03:00  INFO 11656 --- [           main] liquibase.changelog                      : Custom SQL executed
2023-07-28T06:51:09.653+03:00  INFO 11656 --- [           main] liquibase.changelog                      : ChangeSet db/changelog/sql/V03_create-users-table-for-security.sql::7::obaibula ran successfully in 4ms
2023-07-28T06:51:09.655+03:00 DEBUG 11656 --- [           main] n.t.d.l.l.SLF4JQueryLoggingListener      : 
Name:dataSource, Connection:5, Time:1, Success:True
Type:Statement, Batch:False, QuerySize:1, BatchSize:0
Query:["INSERT INTO public.databasechangelog (ID, AUTHOR, FILENAME, DATEEXECUTED, ORDEREXECUTED, MD5SUM, DESCRIPTION, COMMENTS, EXECTYPE, CONTEXTS, LABELS, LIQUIBASE, DEPLOYMENT_ID) VALUES ('7', 'obaibula', 'db/changelog/sql/V03_create-users-table-for-security.sql', NOW(), 7, '8:38a3b56e8eff8ad7c0470e0c84d8f653', 'sql', '', 'EXECUTED', 'test', NULL, '4.20.0', '0516269570')"]
Params:[]
2023-07-28T06:51:09.655+03:00  INFO 11656 --- [           main] liquibase.executor                       : Changelog query completed.
Running Changeset: db/changelog/sql/V04_create-tokens-table.sql::8::obaibula
2023-07-28T06:51:09.657+03:00 DEBUG 11656 --- [           main] n.t.d.l.l.SLF4JQueryLoggingListener      : 
Name:dataSource, Connection:5, Time:1, Success:True
Type:Statement, Batch:False, QuerySize:1, BatchSize:0
Query:["SHOW SEARCH_PATH"]
Params:[]
2023-07-28T06:51:09.661+03:00 DEBUG 11656 --- [           main] n.t.d.l.l.SLF4JQueryLoggingListener      : 
Name:dataSource, Connection:5, Time:3, Success:True
Type:Statement, Batch:False, QuerySize:1, BatchSize:0
Query:["CREATE TABLE IF NOT EXISTS tokens(
    id BIGSERIAL PRIMARY KEY,
    token TEXT,
    token_type TEXT,
    expired BOOLEAN,
    revoked BOOLEAN,
    user_id BIGINT REFERENCES users(id) ON DELETE CASCADE
)"]
Params:[]
2023-07-28T06:51:09.662+03:00  INFO 11656 --- [           main] liquibase.changelog                      : Custom SQL executed
2023-07-28T06:51:09.663+03:00  INFO 11656 --- [           main] liquibase.changelog                      : ChangeSet db/changelog/sql/V04_create-tokens-table.sql::8::obaibula ran successfully in 6ms
2023-07-28T06:51:09.665+03:00 DEBUG 11656 --- [           main] n.t.d.l.l.SLF4JQueryLoggingListener      : 
Name:dataSource, Connection:5, Time:1, Success:True
Type:Statement, Batch:False, QuerySize:1, BatchSize:0
Query:["INSERT INTO public.databasechangelog (ID, AUTHOR, FILENAME, DATEEXECUTED, ORDEREXECUTED, MD5SUM, DESCRIPTION, COMMENTS, EXECTYPE, CONTEXTS, LABELS, LIQUIBASE, DEPLOYMENT_ID) VALUES ('8', 'obaibula', 'db/changelog/sql/V04_create-tokens-table.sql', NOW(), 8, '8:8c8600a4d010571848db286ab0f16e9f', 'sql', '', 'EXECUTED', 'prod', NULL, '4.20.0', '0516269570')"]
Params:[]
2023-07-28T06:51:09.665+03:00  INFO 11656 --- [           main] liquibase.executor                       : Changelog query completed.
Running Changeset: db/changelog/sql/V05_create-carts-table.sql::9::obaibula
2023-07-28T06:51:09.667+03:00 DEBUG 11656 --- [           main] n.t.d.l.l.SLF4JQueryLoggingListener      : 
Name:dataSource, Connection:5, Time:0, Success:True
Type:Statement, Batch:False, QuerySize:1, BatchSize:0
Query:["SHOW SEARCH_PATH"]
Params:[]
2023-07-28T06:51:09.673+03:00 DEBUG 11656 --- [           main] n.t.d.l.l.SLF4JQueryLoggingListener      : 
Name:dataSource, Connection:5, Time:4, Success:True
Type:Statement, Batch:False, QuerySize:1, BatchSize:0
Query:["CREATE TABLE IF NOT EXISTS carts(
    user_id BIGINT PRIMARY KEY REFERENCES users(id) ON DELETE CASCADE,
    total_price DECIMAL(10, 2) DEFAULT 0
)"]
Params:[]
2023-07-28T06:51:09.674+03:00  INFO 11656 --- [           main] liquibase.changelog                      : Custom SQL executed
2023-07-28T06:51:09.677+03:00  INFO 11656 --- [           main] liquibase.changelog                      : ChangeSet db/changelog/sql/V05_create-carts-table.sql::9::obaibula ran successfully in 9ms
2023-07-28T06:51:09.679+03:00 DEBUG 11656 --- [           main] n.t.d.l.l.SLF4JQueryLoggingListener      : 
Name:dataSource, Connection:5, Time:1, Success:True
Type:Statement, Batch:False, QuerySize:1, BatchSize:0
Query:["INSERT INTO public.databasechangelog (ID, AUTHOR, FILENAME, DATEEXECUTED, ORDEREXECUTED, MD5SUM, DESCRIPTION, COMMENTS, EXECTYPE, CONTEXTS, LABELS, LIQUIBASE, DEPLOYMENT_ID) VALUES ('9', 'obaibula', 'db/changelog/sql/V05_create-carts-table.sql', NOW(), 9, '8:2c612c699be3a508883c676e9d004be2', 'sql', '', 'EXECUTED', 'prod', NULL, '4.20.0', '0516269570')"]
Params:[]
2023-07-28T06:51:09.680+03:00  INFO 11656 --- [           main] liquibase.executor                       : Changelog query completed.
Running Changeset: db/changelog/sql/V06_create-offerings-table.sql::10::obaibula
2023-07-28T06:51:09.682+03:00 DEBUG 11656 --- [           main] n.t.d.l.l.SLF4JQueryLoggingListener      : 
Name:dataSource, Connection:5, Time:0, Success:True
Type:Statement, Batch:False, QuerySize:1, BatchSize:0
Query:["SHOW SEARCH_PATH"]
Params:[]
2023-07-28T06:51:09.688+03:00 DEBUG 11656 --- [           main] n.t.d.l.l.SLF4JQueryLoggingListener      : 
Name:dataSource, Connection:5, Time:4, Success:True
Type:Statement, Batch:False, QuerySize:1, BatchSize:0
Query:["CREATE TABLE IF NOT EXISTS offerings(
    id BIGSERIAL PRIMARY KEY,
    name TEXT NOT NULL,
    description TEXT NOT NULL,
    price DECIMAL(10, 2) NOT NULL CHECK (price >= 0),
    category TEXT NOT NULL,
    created_at TIMESTAMP DEFAULT NOW(),
    updated_at TIMESTAMP DEFAULT NOW(),
    user_id BIGINT REFERENCES users(id) ON DELETE CASCADE
)"]
Params:[]
2023-07-28T06:51:09.691+03:00  INFO 11656 --- [           main] liquibase.changelog                      : Custom SQL executed
2023-07-28T06:51:09.692+03:00  INFO 11656 --- [           main] liquibase.changelog                      : ChangeSet db/changelog/sql/V06_create-offerings-table.sql::10::obaibula ran successfully in 10ms
2023-07-28T06:51:09.694+03:00 DEBUG 11656 --- [           main] n.t.d.l.l.SLF4JQueryLoggingListener      : 
Name:dataSource, Connection:5, Time:1, Success:True
Type:Statement, Batch:False, QuerySize:1, BatchSize:0
Query:["INSERT INTO public.databasechangelog (ID, AUTHOR, FILENAME, DATEEXECUTED, ORDEREXECUTED, MD5SUM, DESCRIPTION, COMMENTS, EXECTYPE, CONTEXTS, LABELS, LIQUIBASE, DEPLOYMENT_ID) VALUES ('10', 'obaibula', 'db/changelog/sql/V06_create-offerings-table.sql', NOW(), 10, '8:5ad176a91b55e796dda20f48d26eae5c', 'sql', '', 'EXECUTED', 'prod', NULL, '4.20.0', '0516269570')"]
Params:[]
2023-07-28T06:51:09.695+03:00  INFO 11656 --- [           main] liquibase.executor                       : Changelog query completed.
Running Changeset: db/changelog/sql/V07_create-favorite_offerings-table.sql::11::obaibula
2023-07-28T06:51:09.697+03:00 DEBUG 11656 --- [           main] n.t.d.l.l.SLF4JQueryLoggingListener      : 
Name:dataSource, Connection:5, Time:1, Success:True
Type:Statement, Batch:False, QuerySize:1, BatchSize:0
Query:["SHOW SEARCH_PATH"]
Params:[]
2023-07-28T06:51:09.702+03:00 DEBUG 11656 --- [           main] n.t.d.l.l.SLF4JQueryLoggingListener      : 
Name:dataSource, Connection:5, Time:3, Success:True
Type:Statement, Batch:False, QuerySize:1, BatchSize:0
Query:["CREATE TABLE IF NOT EXISTS favourite_offerings (
    id BIGSERIAL PRIMARY KEY,
    user_id BIGINT REFERENCES users(id) ON DELETE CASCADE,
    offering_id BIGINT REFERENCES offerings(id) ON DELETE CASCADE,
    created_at TIMESTAMP DEFAULT NOW(),

    
    CONSTRAINT unique_user_fav_offering UNIQUE (user_id, offering_id)
)"]
Params:[]
2023-07-28T06:51:09.702+03:00  INFO 11656 --- [           main] liquibase.changelog                      : Custom SQL executed
2023-07-28T06:51:09.705+03:00  INFO 11656 --- [           main] liquibase.changelog                      : ChangeSet db/changelog/sql/V07_create-favorite_offerings-table.sql::11::obaibula ran successfully in 8ms
2023-07-28T06:51:09.708+03:00 DEBUG 11656 --- [           main] n.t.d.l.l.SLF4JQueryLoggingListener      : 
Name:dataSource, Connection:5, Time:1, Success:True
Type:Statement, Batch:False, QuerySize:1, BatchSize:0
Query:["INSERT INTO public.databasechangelog (ID, AUTHOR, FILENAME, DATEEXECUTED, ORDEREXECUTED, MD5SUM, DESCRIPTION, COMMENTS, EXECTYPE, CONTEXTS, LABELS, LIQUIBASE, DEPLOYMENT_ID) VALUES ('11', 'obaibula', 'db/changelog/sql/V07_create-favorite_offerings-table.sql', NOW(), 11, '8:a0ef45e8fee292e6406de18e64e78160', 'sql', '', 'EXECUTED', 'prod', NULL, '4.20.0', '0516269570')"]
Params:[]
2023-07-28T06:51:09.708+03:00  INFO 11656 --- [           main] liquibase.executor                       : Changelog query completed.
2023-07-28T06:51:09.709+03:00  INFO 11656 --- [           main] liquibase                                : Update command completed successfully.
2023-07-28T06:51:09.709+03:00 DEBUG 11656 --- [           main] n.t.d.l.l.SLF4JQueryLoggingListener      : 
Name:dataSource, Connection:5, Time:0, Success:True
Type:Statement, Batch:False, QuerySize:1, BatchSize:0
Query:["SHOW SEARCH_PATH"]
Params:[]
2023-07-28T06:51:09.711+03:00 DEBUG 11656 --- [           main] n.t.d.l.l.SLF4JQueryLoggingListener      : 
Name:dataSource, Connection:5, Time:0, Success:True
Type:Statement, Batch:False, QuerySize:1, BatchSize:0
Query:["UPDATE public.databasechangeloglock SET LOCKED = FALSE, LOCKEDBY = NULL, LOCKGRANTED = NULL WHERE ID = 1"]
Params:[]
2023-07-28T06:51:09.712+03:00  INFO 11656 --- [           main] liquibase.executor                       : Changelog query completed.
2023-07-28T06:51:09.712+03:00  INFO 11656 --- [           main] liquibase.lockservice                    : Successfully released change log lock
2023-07-28T06:51:09.713+03:00 DEBUG 11656 --- [           main] n.t.d.l.l.SLF4JQueryLoggingListener      : 
Name:dataSource, Connection:5, Time:1, Success:True
Type:Statement, Batch:False, QuerySize:1, BatchSize:0
Query:["SHOW SEARCH_PATH"]
Params:[]
2023-07-28T06:51:09.715+03:00 DEBUG 11656 --- [           main] n.t.d.l.l.SLF4JQueryLoggingListener      : 
Name:dataSource, Connection:6, Time:1, Success:True
Type:Prepared, Batch:False, QuerySize:1, BatchSize:0
Query:["select latitude, longitude, city_name
from geoip2_network net

left join geoip2_location location on (
  net.geoname_id = location.geoname_id
  and location.locale_code = 'en'
)
where network >> ?;
"]
Params:[(177.46.207.170)]
2023-07-28T06:51:09.716+03:00  INFO 11656 --- [           main] c.o.n.location.GeoIpRepositoryImpl       : No location found for IP: 177.46.207.170
2023-07-28T06:51:09.716+03:00  INFO 11656 --- [           main] c.o.n.location.GeoIpRepositoryImpl       : Created default location for Kyiv
]]></system-out>
  </testcase>
</testsuite>